# JRE version: OpenJDK Runtime Environment (8.0_212-b04) (build 1.8.0_212-release-1586-b04)
# Java VM: OpenJDK 64-Bit Server VM (25.212-b04 mixed mode windows-amd64 compressed oops)
Heap:
 PSYoungGen      total 61440K, used 33470K [0x00000000e0000000, 0x00000000e5780000, 0x0000000100000000)
  eden space 55296K, 60% used [0x00000000e0000000,0x00000000e20af908,0x00000000e3600000)
  from space 6144K, 0% used [0x00000000e3c00000,0x00000000e3c00000,0x00000000e4200000)
  to   space 6144K, 0% used [0x00000000e3600000,0x00000000e3600000,0x00000000e3c00000)
 ParOldGen       total 31232K, used 16646K [0x00000000a0000000, 0x00000000a1e80000, 0x00000000e0000000)
  object space 31232K, 53% used [0x00000000a0000000,0x00000000a1041a00,0x00000000a1e80000)
 Metaspace       used 39172K, capacity 40168K, committed 40448K, reserved 1085440K
  class space    used 5330K, capacity 5600K, committed 5632K, reserved 1048576K
GC Heap History (10 events):
Event: 13.850 GC heap before
{Heap before GC invocations=14 (full 1):
 PSYoungGen      total 44544K, used 39424K [0x00000000e0000000, 0x00000000e3080000, 0x0000000100000000)
  eden space 39424K, 100% used [0x00000000e0000000,0x00000000e2680000,0x00000000e2680000)
  from space 5120K, 0% used [0x00000000e2b80000,0x00000000e2b80000,0x00000000e3080000)
  to   space 5120K, 0% used [0x00000000e2680000,0x00000000e2680000,0x00000000e2b80000)
 ParOldGen       total 31232K, used 8006K [0x00000000a0000000, 0x00000000a1e80000, 0x00000000e0000000)
  object space 31232K, 25% used [0x00000000a0000000,0x00000000a07d1898,0x00000000a1e80000)
 Metaspace       used 26725K, capacity 27278K, committed 27392K, reserved 1073152K
  class space    used 3611K, capacity 3778K, committed 3840K, reserved 1048576K
Event: 13.859 GC heap after
Heap after GC invocations=14 (full 1):
 PSYoungGen      total 44544K, used 5100K [0x00000000e0000000, 0x00000000e4200000, 0x0000000100000000)
  eden space 39424K, 0% used [0x00000000e0000000,0x00000000e0000000,0x00000000e2680000)
  from space 5120K, 99% used [0x00000000e2680000,0x00000000e2b7b008,0x00000000e2b80000)
  to   space 6144K, 0% used [0x00000000e3c00000,0x00000000e3c00000,0x00000000e4200000)
 ParOldGen       total 31232K, used 8492K [0x00000000a0000000, 0x00000000a1e80000, 0x00000000e0000000)
  object space 31232K, 27% used [0x00000000a0000000,0x00000000a084b2a0,0x00000000a1e80000)
 Metaspace       used 26725K, capacity 27278K, committed 27392K, reserved 1073152K
  class space    used 3611K, capacity 3778K, committed 3840K, reserved 1048576K
}
Event: 14.627 GC heap before
{Heap before GC invocations=15 (full 1):
 PSYoungGen      total 44544K, used 44524K [0x00000000e0000000, 0x00000000e4200000, 0x0000000100000000)
  eden space 39424K, 100% used [0x00000000e0000000,0x00000000e2680000,0x00000000e2680000)
  from space 5120K, 99% used [0x00000000e2680000,0x00000000e2b7b008,0x00000000e2b80000)
  to   space 6144K, 0% used [0x00000000e3c00000,0x00000000e3c00000,0x00000000e4200000)
 ParOldGen       total 31232K, used 8492K [0x00000000a0000000, 0x00000000a1e80000, 0x00000000e0000000)
  object space 31232K, 27% used [0x00000000a0000000,0x00000000a084b2a0,0x00000000a1e80000)
 Metaspace       used 29771K, capacity 30322K, committed 30592K, reserved 1075200K
  class space    used 4006K, capacity 4173K, committed 4224K, reserved 1048576K
Event: 14.639 GC heap after
Heap after GC invocations=15 (full 1):
 PSYoungGen      total 61440K, used 3805K [0x00000000e0000000, 0x00000000e4280000, 0x0000000100000000)
  eden space 55296K, 0% used [0x00000000e0000000,0x00000000e0000000,0x00000000e3600000)
  from space 6144K, 61% used [0x00000000e3c00000,0x00000000e3fb7620,0x00000000e4200000)
  to   space 6144K, 0% used [0x00000000e3600000,0x00000000e3600000,0x00000000e3c00000)
 ParOldGen       total 31232K, used 11320K [0x00000000a0000000, 0x00000000a1e80000, 0x00000000e0000000)
  object space 31232K, 36% used [0x00000000a0000000,0x00000000a0b0e2d0,0x00000000a1e80000)
 Metaspace       used 29771K, capacity 30322K, committed 30592K, reserved 1075200K
  class space    used 4006K, capacity 4173K, committed 4224K, reserved 1048576K
}
Event: 15.941 GC heap before
{Heap before GC invocations=16 (full 1):
 PSYoungGen      total 61440K, used 59101K [0x00000000e0000000, 0x00000000e4280000, 0x0000000100000000)
  eden space 55296K, 100% used [0x00000000e0000000,0x00000000e3600000,0x00000000e3600000)
  from space 6144K, 61% used [0x00000000e3c00000,0x00000000e3fb7620,0x00000000e4200000)
  to   space 6144K, 0% used [0x00000000e3600000,0x00000000e3600000,0x00000000e3c00000)
 ParOldGen       total 31232K, used 11320K [0x00000000a0000000, 0x00000000a1e80000, 0x00000000e0000000)
  object space 31232K, 36% used [0x00000000a0000000,0x00000000a0b0e2d0,0x00000000a1e80000)
 Metaspace       used 32397K, capacity 33016K, committed 33408K, reserved 1077248K
  class space    used 4441K, capacity 4623K, committed 4736K, reserved 1048576K
Event: 15.954 GC heap after
Heap after GC invocations=16 (full 1):
 PSYoungGen      total 61440K, used 4141K [0x00000000e0000000, 0x00000000e4280000, 0x0000000100000000)
  eden space 55296K, 0% used [0x00000000e0000000,0x00000000e0000000,0x00000000e3600000)
  from space 6144K, 67% used [0x00000000e3600000,0x00000000e3a0b748,0x00000000e3c00000)
  to   space 6144K, 0% used [0x00000000e3c00000,0x00000000e3c00000,0x00000000e4200000)
 ParOldGen       total 31232K, used 12676K [0x00000000a0000000, 0x00000000a1e80000, 0x00000000e0000000)
  object space 31232K, 40% used [0x00000000a0000000,0x00000000a0c61270,0x00000000a1e80000)
 Metaspace       used 32397K, capacity 33016K, committed 33408K, reserved 1077248K
  class space    used 4441K, capacity 4623K, committed 4736K, reserved 1048576K
}
Event: 17.671 GC heap before
{Heap before GC invocations=17 (full 1):
 PSYoungGen      total 61440K, used 51612K [0x00000000e0000000, 0x00000000e4280000, 0x0000000100000000)
  eden space 55296K, 85% used [0x00000000e0000000,0x00000000e2e5bc18,0x00000000e3600000)
  from space 6144K, 67% used [0x00000000e3600000,0x00000000e3a0b748,0x00000000e3c00000)
  to   space 6144K, 0% used [0x00000000e3c00000,0x00000000e3c00000,0x00000000e4200000)
 ParOldGen       total 31232K, used 12676K [0x00000000a0000000, 0x00000000a1e80000, 0x00000000e0000000)
  object space 31232K, 40% used [0x00000000a0000000,0x00000000a0c61270,0x00000000a1e80000)
 Metaspace       used 34591K, capacity 35432K, committed 35496K, reserved 1079296K
  class space    used 4748K, capacity 4963K, committed 4992K, reserved 1048576K
Event: 17.682 GC heap after
Heap after GC invocations=17 (full 1):
 PSYoungGen      total 61440K, used 4403K [0x00000000e0000000, 0x00000000e5780000, 0x0000000100000000)
  eden space 55296K, 0% used [0x00000000e0000000,0x00000000e0000000,0x00000000e3600000)
  from space 6144K, 71% used [0x00000000e3c00000,0x00000000e404cd20,0x00000000e4200000)
  to   space 6144K, 0% used [0x00000000e3600000,0x00000000e3600000,0x00000000e3c00000)
 ParOldGen       total 31232K, used 13983K [0x00000000a0000000, 0x00000000a1e80000, 0x00000000e0000000)
  object space 31232K, 44% used [0x00000000a0000000,0x00000000a0da7e40,0x00000000a1e80000)
 Metaspace       used 34591K, capacity 35432K, committed 35496K, reserved 1079296K
  class space    used 4748K, capacity 4963K, committed 4992K, reserved 1048576K
}
Event: 17.682 GC heap before
{Heap before GC invocations=18 (full 2):
 PSYoungGen      total 61440K, used 4403K [0x00000000e0000000, 0x00000000e5780000, 0x0000000100000000)
  eden space 55296K, 0% used [0x00000000e0000000,0x00000000e0000000,0x00000000e3600000)
  from space 6144K, 71% used [0x00000000e3c00000,0x00000000e404cd20,0x00000000e4200000)
  to   space 6144K, 0% used [0x00000000e3600000,0x00000000e3600000,0x00000000e3c00000)
 ParOldGen       total 31232K, used 13983K [0x00000000a0000000, 0x00000000a1e80000, 0x00000000e0000000)
  object space 31232K, 44% used [0x00000000a0000000,0x00000000a0da7e40,0x00000000a1e80000)
 Metaspace       used 34591K, capacity 35432K, committed 35496K, reserved 1079296K
  class space    used 4748K, capacity 4963K, committed 4992K, reserved 1048576K
Event: 17.781 GC heap after
Heap after GC invocations=18 (full 2):
 PSYoungGen      total 61440K, used 0K [0x00000000e0000000, 0x00000000e5780000, 0x0000000100000000)
  eden space 55296K, 0% used [0x00000000e0000000,0x00000000e0000000,0x00000000e3600000)
  from space 6144K, 0% used [0x00000000e3c00000,0x00000000e3c00000,0x00000000e4200000)
  to   space 6144K, 0% used [0x00000000e3600000,0x00000000e3600000,0x00000000e3c00000)
 ParOldGen       total 31232K, used 16646K [0x00000000a0000000, 0x00000000a1e80000, 0x00000000e0000000)
  object space 31232K, 53% used [0x00000000a0000000,0x00000000a1041a00,0x00000000a1e80000)
 Metaspace       used 34582K, capacity 35402K, committed 35496K, reserved 1079296K
  class space    used 4745K, capacity 4958K, committed 4992K, reserved 1048576K
}

