# JRE version: OpenJDK Runtime Environment (8.0_212-b04) (build 1.8.0_212-release-1586-b04)
# Java VM: OpenJDK 64-Bit Server VM (25.212-b04 mixed mode windows-amd64 compressed oops)
Heap:
 PSYoungGen      total 379392K, used 278788K [0x00000000e0000000, 0x00000000fe900000, 0x0000000100000000)
  eden space 339456K, 71% used [0x00000000e0000000,0x00000000eed8a408,0x00000000f4b80000)
  from space 39936K, 89% used [0x00000000f8380000,0x00000000fa636ca0,0x00000000faa80000)
  to   space 57344K, 0% used [0x00000000f4b80000,0x00000000f4b80000,0x00000000f8380000)
 ParOldGen       total 208896K, used 118585K [0x00000000a0000000, 0x00000000acc00000, 0x00000000e0000000)
  object space 208896K, 56% used [0x00000000a0000000,0x00000000a73ce5f8,0x00000000acc00000)
 Metaspace       used 94571K, capacity 98446K, committed 98776K, reserved 1134592K
  class space    used 12160K, capacity 12955K, committed 13056K, reserved 1048576K
GC Heap History (10 events):
Event: 74.704 GC heap before
{Heap before GC invocations=16 (full 3):
 PSYoungGen      total 308736K, used 302893K [0x00000000e0000000, 0x00000000f5080000, 0x0000000100000000)
  eden space 278016K, 100% used [0x00000000e0000000,0x00000000f0f80000,0x00000000f0f80000)
  from space 30720K, 80% used [0x00000000f3200000,0x00000000f4a4b678,0x00000000f5000000)
  to   space 33280K, 0% used [0x00000000f0f80000,0x00000000f0f80000,0x00000000f3000000)
 ParOldGen       total 96768K, used 65137K [0x00000000a0000000, 0x00000000a5e80000, 0x00000000e0000000)
  object space 96768K, 67% used [0x00000000a0000000,0x00000000a3f9c6e0,0x00000000a5e80000)
 Metaspace       used 83806K, capacity 86878K, committed 87128K, reserved 1124352K
  class space    used 11205K, capacity 11867K, committed 11904K, reserved 1048576K
Event: 74.978 GC heap after
Heap after GC invocations=16 (full 3):
 PSYoungGen      total 311296K, used 33262K [0x00000000e0000000, 0x00000000fb880000, 0x0000000100000000)
  eden space 278016K, 0% used [0x00000000e0000000,0x00000000e0000000,0x00000000f0f80000)
  from space 33280K, 99% used [0x00000000f0f80000,0x00000000f2ffbba0,0x00000000f3000000)
  to   space 54272K, 0% used [0x00000000f8380000,0x00000000f8380000,0x00000000fb880000)
 ParOldGen       total 107008K, used 106666K [0x00000000a0000000, 0x00000000a6880000, 0x00000000e0000000)
  object space 107008K, 99% used [0x00000000a0000000,0x00000000a682a878,0x00000000a6880000)
 Metaspace       used 83806K, capacity 86878K, committed 87128K, reserved 1124352K
  class space    used 11205K, capacity 11867K, committed 11904K, reserved 1048576K
}
Event: 74.979 GC heap before
{Heap before GC invocations=17 (full 4):
 PSYoungGen      total 311296K, used 33262K [0x00000000e0000000, 0x00000000fb880000, 0x0000000100000000)
  eden space 278016K, 0% used [0x00000000e0000000,0x00000000e0000000,0x00000000f0f80000)
  from space 33280K, 99% used [0x00000000f0f80000,0x00000000f2ffbba0,0x00000000f3000000)
  to   space 54272K, 0% used [0x00000000f8380000,0x00000000f8380000,0x00000000fb880000)
 ParOldGen       total 107008K, used 106666K [0x00000000a0000000, 0x00000000a6880000, 0x00000000e0000000)
  object space 107008K, 99% used [0x00000000a0000000,0x00000000a682a878,0x00000000a6880000)
 Metaspace       used 83806K, capacity 86878K, committed 87128K, reserved 1124352K
  class space    used 11205K, capacity 11867K, committed 11904K, reserved 1048576K
Event: 76.765 GC heap after
Heap after GC invocations=17 (full 4):
 PSYoungGen      total 311296K, used 14165K [0x00000000e0000000, 0x00000000fb880000, 0x0000000100000000)
  eden space 278016K, 0% used [0x00000000e0000000,0x00000000e0000000,0x00000000f0f80000)
  from space 33280K, 42% used [0x00000000f0f80000,0x00000000f1d55450,0x00000000f3000000)
  to   space 54272K, 0% used [0x00000000f8380000,0x00000000f8380000,0x00000000fb880000)
 ParOldGen       total 208896K, used 106778K [0x00000000a0000000, 0x00000000acc00000, 0x00000000e0000000)
  object space 208896K, 51% used [0x00000000a0000000,0x00000000a6846858,0x00000000acc00000)
 Metaspace       used 83701K, capacity 86582K, committed 87128K, reserved 1124352K
  class space    used 11171K, capacity 11807K, committed 11904K, reserved 1048576K
}
Event: 88.733 GC heap before
{Heap before GC invocations=18 (full 4):
 PSYoungGen      total 311296K, used 292181K [0x00000000e0000000, 0x00000000fb880000, 0x0000000100000000)
  eden space 278016K, 100% used [0x00000000e0000000,0x00000000f0f80000,0x00000000f0f80000)
  from space 33280K, 42% used [0x00000000f0f80000,0x00000000f1d55450,0x00000000f3000000)
  to   space 54272K, 0% used [0x00000000f8380000,0x00000000f8380000,0x00000000fb880000)
 ParOldGen       total 208896K, used 106778K [0x00000000a0000000, 0x00000000acc00000, 0x00000000e0000000)
  object space 208896K, 51% used [0x00000000a0000000,0x00000000a6846858,0x00000000acc00000)
 Metaspace       used 86704K, capacity 89988K, committed 90200K, reserved 1128448K
  class space    used 11464K, capacity 12154K, committed 12160K, reserved 1048576K
Event: 88.819 GC heap after
Heap after GC invocations=18 (full 4):
 PSYoungGen      total 370176K, used 5746K [0x00000000e0000000, 0x00000000faa80000, 0x0000000100000000)
  eden space 330240K, 0% used [0x00000000e0000000,0x00000000e0000000,0x00000000f4280000)
  from space 39936K, 14% used [0x00000000f8380000,0x00000000f891cab8,0x00000000faa80000)
  to   space 53248K, 0% used [0x00000000f4280000,0x00000000f4280000,0x00000000f7680000)
 ParOldGen       total 208896K, used 118561K [0x00000000a0000000, 0x00000000acc00000, 0x00000000e0000000)
  object space 208896K, 56% used [0x00000000a0000000,0x00000000a73c85f8,0x00000000acc00000)
 Metaspace       used 86704K, capacity 89988K, committed 90200K, reserved 1128448K
  class space    used 11464K, capacity 12154K, committed 12160K, reserved 1048576K
}
Event: 741.997 GC heap before
{Heap before GC invocations=19 (full 4):
 PSYoungGen      total 370176K, used 335986K [0x00000000e0000000, 0x00000000faa80000, 0x0000000100000000)
  eden space 330240K, 100% used [0x00000000e0000000,0x00000000f4280000,0x00000000f4280000)
  from space 39936K, 14% used [0x00000000f8380000,0x00000000f891cab8,0x00000000faa80000)
  to   space 53248K, 0% used [0x00000000f4280000,0x00000000f4280000,0x00000000f7680000)
 ParOldGen       total 208896K, used 118561K [0x00000000a0000000, 0x00000000acc00000, 0x00000000e0000000)
  object space 208896K, 56% used [0x00000000a0000000,0x00000000a73c85f8,0x00000000acc00000)
 Metaspace       used 93023K, capacity 96696K, committed 96856K, reserved 1132544K
  class space    used 12108K, capacity 12814K, committed 12928K, reserved 1048576K
Event: 749.998 GC heap after
Heap after GC invocations=19 (full 4):
 PSYoungGen      total 383488K, used 32623K [0x00000000e0000000, 0x00000000faa80000, 0x0000000100000000)
  eden space 330240K, 0% used [0x00000000e0000000,0x00000000e0000000,0x00000000f4280000)
  from space 53248K, 61% used [0x00000000f4280000,0x00000000f625be90,0x00000000f7680000)
  to   space 39936K, 0% used [0x00000000f8380000,0x00000000f8380000,0x00000000faa80000)
 ParOldGen       total 208896K, used 118577K [0x00000000a0000000, 0x00000000acc00000, 0x00000000e0000000)
  object space 208896K, 56% used [0x00000000a0000000,0x00000000a73cc5f8,0x00000000acc00000)
 Metaspace       used 93023K, capacity 96696K, committed 96856K, reserved 1132544K
  class space    used 12108K, capacity 12814K, committed 12928K, reserved 1048576K
}
Event: 1010.438 GC heap before
{Heap before GC invocations=20 (full 4):
 PSYoungGen      total 383488K, used 361315K [0x00000000e0000000, 0x00000000faa80000, 0x0000000100000000)
  eden space 330240K, 99% used [0x00000000e0000000,0x00000000f40fce48,0x00000000f4280000)
  from space 53248K, 61% used [0x00000000f4280000,0x00000000f625be90,0x00000000f7680000)
  to   space 39936K, 0% used [0x00000000f8380000,0x00000000f8380000,0x00000000faa80000)
 ParOldGen       total 208896K, used 118577K [0x00000000a0000000, 0x00000000acc00000, 0x00000000e0000000)
  object space 208896K, 56% used [0x00000000a0000000,0x00000000a73cc5f8,0x00000000acc00000)
 Metaspace       used 94279K, capacity 98078K, committed 98136K, reserved 1134592K
  class space    used 12151K, capacity 12911K, committed 12928K, reserved 1048576K
Event: 1011.488 GC heap after
Heap after GC invocations=20 (full 4):
 PSYoungGen      total 379392K, used 35547K [0x00000000e0000000, 0x00000000fe900000, 0x0000000100000000)
  eden space 339456K, 0% used [0x00000000e0000000,0x00000000e0000000,0x00000000f4b80000)
  from space 39936K, 89% used [0x00000000f8380000,0x00000000fa636ca0,0x00000000faa80000)
  to   space 57344K, 0% used [0x00000000f4b80000,0x00000000f4b80000,0x00000000f8380000)
 ParOldGen       total 208896K, used 118585K [0x00000000a0000000, 0x00000000acc00000, 0x00000000e0000000)
  object space 208896K, 56% used [0x00000000a0000000,0x00000000a73ce5f8,0x00000000acc00000)
 Metaspace       used 94279K, capacity 98078K, committed 98136K, reserved 1134592K
  class space    used 12151K, capacity 12911K, committed 12928K, reserved 1048576K
}

