# JRE version: OpenJDK Runtime Environment (8.0_212-b04) (build 1.8.0_212-release-1586-b04)
# Java VM: OpenJDK 64-Bit Server VM (25.212-b04 mixed mode windows-amd64 compressed oops)
Heap:
 PSYoungGen      total 89088K, used 26076K [0x00000000e0000000, 0x00000000e6580000, 0x0000000100000000)
  eden space 81920K, 23% used [0x00000000e0000000,0x00000000e127a230,0x00000000e5000000)
  from space 7168K, 99% used [0x00000000e5000000,0x00000000e56fd080,0x00000000e5700000)
  to   space 9728K, 0% used [0x00000000e5c00000,0x00000000e5c00000,0x00000000e6580000)
 ParOldGen       total 54272K, used 22995K [0x00000000a0000000, 0x00000000a3500000, 0x00000000e0000000)
  object space 54272K, 42% used [0x00000000a0000000,0x00000000a1674d58,0x00000000a3500000)
 Metaspace       used 49329K, capacity 50758K, committed 51072K, reserved 1093632K
  class space    used 6610K, capacity 6968K, committed 7040K, reserved 1048576K
GC Heap History (10 events):
Event: 15.054 GC heap before
{Heap before GC invocations=15 (full 1):
 PSYoungGen      total 47616K, used 44662K [0x00000000e0000000, 0x00000000e4600000, 0x0000000100000000)
  eden space 41472K, 100% used [0x00000000e0000000,0x00000000e2880000,0x00000000e2880000)
  from space 6144K, 51% used [0x00000000e2880000,0x00000000e2b9db90,0x00000000e2e80000)
  to   space 6144K, 0% used [0x00000000e4000000,0x00000000e4000000,0x00000000e4600000)
 ParOldGen       total 32768K, used 12089K [0x00000000a0000000, 0x00000000a2000000, 0x00000000e0000000)
  object space 32768K, 36% used [0x00000000a0000000,0x00000000a0bce6f0,0x00000000a2000000)
 Metaspace       used 32922K, capacity 33530K, committed 33664K, reserved 1079296K
  class space    used 4506K, capacity 4708K, committed 4736K, reserved 1048576K
Event: 15.071 GC heap after
Heap after GC invocations=15 (full 1):
 PSYoungGen      total 65536K, used 3261K [0x00000000e0000000, 0x00000000e4680000, 0x0000000100000000)
  eden space 59392K, 0% used [0x00000000e0000000,0x00000000e0000000,0x00000000e3a00000)
  from space 6144K, 53% used [0x00000000e4000000,0x00000000e432f640,0x00000000e4600000)
  to   space 6144K, 0% used [0x00000000e3a00000,0x00000000e3a00000,0x00000000e4000000)
 ParOldGen       total 32768K, used 13459K [0x00000000a0000000, 0x00000000a2000000, 0x00000000e0000000)
  object space 32768K, 41% used [0x00000000a0000000,0x00000000a0d24c68,0x00000000a2000000)
 Metaspace       used 32922K, capacity 33530K, committed 33664K, reserved 1079296K
  class space    used 4506K, capacity 4708K, committed 4736K, reserved 1048576K
}
Event: 16.411 GC heap before
{Heap before GC invocations=16 (full 1):
 PSYoungGen      total 65536K, used 42327K [0x00000000e0000000, 0x00000000e4680000, 0x0000000100000000)
  eden space 59392K, 65% used [0x00000000e0000000,0x00000000e2626638,0x00000000e3a00000)
  from space 6144K, 53% used [0x00000000e4000000,0x00000000e432f640,0x00000000e4600000)
  to   space 6144K, 0% used [0x00000000e3a00000,0x00000000e3a00000,0x00000000e4000000)
 ParOldGen       total 32768K, used 13459K [0x00000000a0000000, 0x00000000a2000000, 0x00000000e0000000)
  object space 32768K, 41% used [0x00000000a0000000,0x00000000a0d24c68,0x00000000a2000000)
 Metaspace       used 34570K, capacity 35418K, committed 35456K, reserved 1079296K
  class space    used 4736K, capacity 4960K, committed 4992K, reserved 1048576K
Event: 16.423 GC heap after
Heap after GC invocations=16 (full 1):
 PSYoungGen      total 65536K, used 3736K [0x00000000e0000000, 0x00000000e5e00000, 0x0000000100000000)
  eden space 59392K, 0% used [0x00000000e0000000,0x00000000e0000000,0x00000000e3a00000)
  from space 6144K, 60% used [0x00000000e3a00000,0x00000000e3da63e8,0x00000000e4000000)
  to   space 5632K, 0% used [0x00000000e5880000,0x00000000e5880000,0x00000000e5e00000)
 ParOldGen       total 32768K, used 14302K [0x00000000a0000000, 0x00000000a2000000, 0x00000000e0000000)
  object space 32768K, 43% used [0x00000000a0000000,0x00000000a0df7b18,0x00000000a2000000)
 Metaspace       used 34570K, capacity 35418K, committed 35456K, reserved 1079296K
  class space    used 4736K, capacity 4960K, committed 4992K, reserved 1048576K
}
Event: 16.423 GC heap before
{Heap before GC invocations=17 (full 2):
 PSYoungGen      total 65536K, used 3736K [0x00000000e0000000, 0x00000000e5e00000, 0x0000000100000000)
  eden space 59392K, 0% used [0x00000000e0000000,0x00000000e0000000,0x00000000e3a00000)
  from space 6144K, 60% used [0x00000000e3a00000,0x00000000e3da63e8,0x00000000e4000000)
  to   space 5632K, 0% used [0x00000000e5880000,0x00000000e5880000,0x00000000e5e00000)
 ParOldGen       total 32768K, used 14302K [0x00000000a0000000, 0x00000000a2000000, 0x00000000e0000000)
  object space 32768K, 43% used [0x00000000a0000000,0x00000000a0df7b18,0x00000000a2000000)
 Metaspace       used 34570K, capacity 35418K, committed 35456K, reserved 1079296K
  class space    used 4736K, capacity 4960K, committed 4992K, reserved 1048576K
Event: 16.589 GC heap after
Heap after GC invocations=17 (full 2):
 PSYoungGen      total 65536K, used 0K [0x00000000e0000000, 0x00000000e5e00000, 0x0000000100000000)
  eden space 59392K, 0% used [0x00000000e0000000,0x00000000e0000000,0x00000000e3a00000)
  from space 6144K, 0% used [0x00000000e3a00000,0x00000000e3a00000,0x00000000e4000000)
  to   space 5632K, 0% used [0x00000000e5880000,0x00000000e5880000,0x00000000e5e00000)
 ParOldGen       total 54272K, used 16140K [0x00000000a0000000, 0x00000000a3500000, 0x00000000e0000000)
  object space 54272K, 29% used [0x00000000a0000000,0x00000000a0fc3168,0x00000000a3500000)
 Metaspace       used 34565K, capacity 35400K, committed 35456K, reserved 1079296K
  class space    used 4734K, capacity 4957K, committed 4992K, reserved 1048576K
}
Event: 18.513 GC heap before
{Heap before GC invocations=18 (full 2):
 PSYoungGen      total 65536K, used 59392K [0x00000000e0000000, 0x00000000e5e00000, 0x0000000100000000)
  eden space 59392K, 100% used [0x00000000e0000000,0x00000000e3a00000,0x00000000e3a00000)
  from space 6144K, 0% used [0x00000000e3a00000,0x00000000e3a00000,0x00000000e4000000)
  to   space 5632K, 0% used [0x00000000e5880000,0x00000000e5880000,0x00000000e5e00000)
 ParOldGen       total 54272K, used 16140K [0x00000000a0000000, 0x00000000a3500000, 0x00000000e0000000)
  object space 54272K, 29% used [0x00000000a0000000,0x00000000a0fc3168,0x00000000a3500000)
 Metaspace       used 41743K, capacity 42886K, committed 43136K, reserved 1087488K
  class space    used 5643K, capacity 5955K, committed 6016K, reserved 1048576K
Event: 18.529 GC heap after
Heap after GC invocations=18 (full 2):
 PSYoungGen      total 78848K, used 5603K [0x00000000e0000000, 0x00000000e5e00000, 0x0000000100000000)
  eden space 73216K, 0% used [0x00000000e0000000,0x00000000e0000000,0x00000000e4780000)
  from space 5632K, 99% used [0x00000000e5880000,0x00000000e5df8ff0,0x00000000e5e00000)
  to   space 7168K, 0% used [0x00000000e5000000,0x00000000e5000000,0x00000000e5700000)
 ParOldGen       total 54272K, used 18126K [0x00000000a0000000, 0x00000000a3500000, 0x00000000e0000000)
  object space 54272K, 33% used [0x00000000a0000000,0x00000000a11b3950,0x00000000a3500000)
 Metaspace       used 41743K, capacity 42886K, committed 43136K, reserved 1087488K
  class space    used 5643K, capacity 5955K, committed 6016K, reserved 1048576K
}
Event: 20.469 GC heap before
{Heap before GC invocations=19 (full 2):
 PSYoungGen      total 78848K, used 78819K [0x00000000e0000000, 0x00000000e5e00000, 0x0000000100000000)
  eden space 73216K, 100% used [0x00000000e0000000,0x00000000e4780000,0x00000000e4780000)
  from space 5632K, 99% used [0x00000000e5880000,0x00000000e5df8ff0,0x00000000e5e00000)
  to   space 7168K, 0% used [0x00000000e5000000,0x00000000e5000000,0x00000000e5700000)
 ParOldGen       total 54272K, used 18126K [0x00000000a0000000, 0x00000000a3500000, 0x00000000e0000000)
  object space 54272K, 33% used [0x00000000a0000000,0x00000000a11b3950,0x00000000a3500000)
 Metaspace       used 47515K, capacity 48790K, committed 49024K, reserved 1091584K
  class space    used 6341K, capacity 6668K, committed 6784K, reserved 1048576K
Event: 20.494 GC heap after
Heap after GC invocations=19 (full 2):
 PSYoungGen      total 89088K, used 7156K [0x00000000e0000000, 0x00000000e6580000, 0x0000000100000000)
  eden space 81920K, 0% used [0x00000000e0000000,0x00000000e0000000,0x00000000e5000000)
  from space 7168K, 99% used [0x00000000e5000000,0x00000000e56fd080,0x00000000e5700000)
  to   space 9728K, 0% used [0x00000000e5c00000,0x00000000e5c00000,0x00000000e6580000)
 ParOldGen       total 54272K, used 22995K [0x00000000a0000000, 0x00000000a3500000, 0x00000000e0000000)
  object space 54272K, 42% used [0x00000000a0000000,0x00000000a1674d58,0x00000000a3500000)
 Metaspace       used 47515K, capacity 48790K, committed 49024K, reserved 1091584K
  class space    used 6341K, capacity 6668K, committed 6784K, reserved 1048576K
}

