# JRE version: OpenJDK Runtime Environment (8.0_212-b04) (build 1.8.0_212-release-1586-b04)
# Java VM: OpenJDK 64-Bit Server VM (25.212-b04 mixed mode windows-amd64 compressed oops)
Heap:
 PSYoungGen      total 134656K, used 2315K [0x00000000e0000000, 0x00000000e8d00000, 0x0000000100000000)
  eden space 124928K, 1% used [0x00000000e0000000,0x00000000e0242c60,0x00000000e7a00000)
  from space 9728K, 0% used [0x00000000e7a00000,0x00000000e7a00000,0x00000000e8380000)
  to   space 9216K, 0% used [0x00000000e8400000,0x00000000e8400000,0x00000000e8d00000)
 ParOldGen       total 35328K, used 12015K [0x00000000a0000000, 0x00000000a2280000, 0x00000000e0000000)
  object space 35328K, 34% used [0x00000000a0000000,0x00000000a0bbbde0,0x00000000a2280000)
 Metaspace       used 25213K, capacity 25818K, committed 25984K, reserved 1073152K
  class space    used 3410K, capacity 3589K, committed 3712K, reserved 1048576K
GC Heap History (10 events):
Event: 5.511 GC heap before
{Heap before GC invocations=7 (full 0):
 PSYoungGen      total 68608K, used 68471K [0x00000000e0000000, 0x00000000e4c00000, 0x0000000100000000)
  eden space 62464K, 100% used [0x00000000e0000000,0x00000000e3d00000,0x00000000e3d00000)
  from space 6144K, 97% used [0x00000000e4400000,0x00000000e49ddea0,0x00000000e4a00000)
  to   space 7168K, 0% used [0x00000000e3d00000,0x00000000e3d00000,0x00000000e4400000)
 ParOldGen       total 42496K, used 4906K [0x00000000a0000000, 0x00000000a2980000, 0x00000000e0000000)
  object space 42496K, 11% used [0x00000000a0000000,0x00000000a04ca8d8,0x00000000a2980000)
 Metaspace       used 20019K, capacity 20622K, committed 20864K, reserved 1067008K
  class space    used 2902K, capacity 3073K, committed 3200K, reserved 1048576K
Event: 5.527 GC heap after
Heap after GC invocations=7 (full 0):
 PSYoungGen      total 69632K, used 7142K [0x00000000e0000000, 0x00000000e8e00000, 0x0000000100000000)
  eden space 62464K, 0% used [0x00000000e0000000,0x00000000e0000000,0x00000000e3d00000)
  from space 7168K, 99% used [0x00000000e3d00000,0x00000000e43f99f8,0x00000000e4400000)
  to   space 10240K, 0% used [0x00000000e8400000,0x00000000e8400000,0x00000000e8e00000)
 ParOldGen       total 42496K, used 8266K [0x00000000a0000000, 0x00000000a2980000, 0x00000000e0000000)
  object space 42496K, 19% used [0x00000000a0000000,0x00000000a0812ab8,0x00000000a2980000)
 Metaspace       used 20019K, capacity 20622K, committed 20864K, reserved 1067008K
  class space    used 2902K, capacity 3073K, committed 3200K, reserved 1048576K
}
Event: 5.690 GC heap before
{Heap before GC invocations=8 (full 0):
 PSYoungGen      total 69632K, used 11685K [0x00000000e0000000, 0x00000000e8e00000, 0x0000000100000000)
  eden space 62464K, 7% used [0x00000000e0000000,0x00000000e046fa98,0x00000000e3d00000)
  from space 7168K, 99% used [0x00000000e3d00000,0x00000000e43f99f8,0x00000000e4400000)
  to   space 10240K, 0% used [0x00000000e8400000,0x00000000e8400000,0x00000000e8e00000)
 ParOldGen       total 42496K, used 8266K [0x00000000a0000000, 0x00000000a2980000, 0x00000000e0000000)
  object space 42496K, 19% used [0x00000000a0000000,0x00000000a0812ab8,0x00000000a2980000)
 Metaspace       used 20629K, capacity 21204K, committed 21296K, reserved 1067008K
  class space    used 2980K, capacity 3139K, committed 3200K, reserved 1048576K
Event: 5.699 GC heap after
Heap after GC invocations=8 (full 0):
 PSYoungGen      total 134144K, used 5114K [0x00000000e0000000, 0x00000000e8d00000, 0x0000000100000000)
  eden space 124928K, 0% used [0x00000000e0000000,0x00000000e0000000,0x00000000e7a00000)
  from space 9216K, 55% used [0x00000000e8400000,0x00000000e88fe908,0x00000000e8d00000)
  to   space 9728K, 0% used [0x00000000e7a00000,0x00000000e7a00000,0x00000000e8380000)
 ParOldGen       total 42496K, used 8994K [0x00000000a0000000, 0x00000000a2980000, 0x00000000e0000000)
  object space 42496K, 21% used [0x00000000a0000000,0x00000000a08c8ab8,0x00000000a2980000)
 Metaspace       used 20629K, capacity 21204K, committed 21296K, reserved 1067008K
  class space    used 2980K, capacity 3139K, committed 3200K, reserved 1048576K
}
Event: 5.699 GC heap before
{Heap before GC invocations=9 (full 1):
 PSYoungGen      total 134144K, used 5114K [0x00000000e0000000, 0x00000000e8d00000, 0x0000000100000000)
  eden space 124928K, 0% used [0x00000000e0000000,0x00000000e0000000,0x00000000e7a00000)
  from space 9216K, 55% used [0x00000000e8400000,0x00000000e88fe908,0x00000000e8d00000)
  to   space 9728K, 0% used [0x00000000e7a00000,0x00000000e7a00000,0x00000000e8380000)
 ParOldGen       total 42496K, used 8994K [0x00000000a0000000, 0x00000000a2980000, 0x00000000e0000000)
  object space 42496K, 21% used [0x00000000a0000000,0x00000000a08c8ab8,0x00000000a2980000)
 Metaspace       used 20629K, capacity 21204K, committed 21296K, reserved 1067008K
  class space    used 2980K, capacity 3139K, committed 3200K, reserved 1048576K
Event: 5.779 GC heap after
Heap after GC invocations=9 (full 1):
 PSYoungGen      total 134144K, used 0K [0x00000000e0000000, 0x00000000e8d00000, 0x0000000100000000)
  eden space 124928K, 0% used [0x00000000e0000000,0x00000000e0000000,0x00000000e7a00000)
  from space 9216K, 0% used [0x00000000e8400000,0x00000000e8400000,0x00000000e8d00000)
  to   space 9728K, 0% used [0x00000000e7a00000,0x00000000e7a00000,0x00000000e8380000)
 ParOldGen       total 35328K, used 10045K [0x00000000a0000000, 0x00000000a2280000, 0x00000000e0000000)
  object space 35328K, 28% used [0x00000000a0000000,0x00000000a09cf608,0x00000000a2280000)
 Metaspace       used 20629K, capacity 21204K, committed 21296K, reserved 1067008K
  class space    used 2980K, capacity 3139K, committed 3200K, reserved 1048576K
}
Event: 6.749 GC heap before
{Heap before GC invocations=10 (full 1):
 PSYoungGen      total 134144K, used 24750K [0x00000000e0000000, 0x00000000e8d00000, 0x0000000100000000)
  eden space 124928K, 19% used [0x00000000e0000000,0x00000000e182b820,0x00000000e7a00000)
  from space 9216K, 0% used [0x00000000e8400000,0x00000000e8400000,0x00000000e8d00000)
  to   space 9728K, 0% used [0x00000000e7a00000,0x00000000e7a00000,0x00000000e8380000)
 ParOldGen       total 35328K, used 10045K [0x00000000a0000000, 0x00000000a2280000, 0x00000000e0000000)
  object space 35328K, 28% used [0x00000000a0000000,0x00000000a09cf608,0x00000000a2280000)
 Metaspace       used 24973K, capacity 25562K, committed 25728K, reserved 1075200K
  class space    used 3410K, capacity 3589K, committed 3712K, reserved 1048576K
Event: 6.759 GC heap after
Heap after GC invocations=10 (full 1):
 PSYoungGen      total 134656K, used 4767K [0x00000000e0000000, 0x00000000e8d00000, 0x0000000100000000)
  eden space 124928K, 0% used [0x00000000e0000000,0x00000000e0000000,0x00000000e7a00000)
  from space 9728K, 49% used [0x00000000e7a00000,0x00000000e7ea7f10,0x00000000e8380000)
  to   space 9216K, 0% used [0x00000000e8400000,0x00000000e8400000,0x00000000e8d00000)
 ParOldGen       total 35328K, used 10053K [0x00000000a0000000, 0x00000000a2280000, 0x00000000e0000000)
  object space 35328K, 28% used [0x00000000a0000000,0x00000000a09d1608,0x00000000a2280000)
 Metaspace       used 24973K, capacity 25562K, committed 25728K, reserved 1075200K
  class space    used 3410K, capacity 3589K, committed 3712K, reserved 1048576K
}
Event: 6.759 GC heap before
{Heap before GC invocations=11 (full 2):
 PSYoungGen      total 134656K, used 4767K [0x00000000e0000000, 0x00000000e8d00000, 0x0000000100000000)
  eden space 124928K, 0% used [0x00000000e0000000,0x00000000e0000000,0x00000000e7a00000)
  from space 9728K, 49% used [0x00000000e7a00000,0x00000000e7ea7f10,0x00000000e8380000)
  to   space 9216K, 0% used [0x00000000e8400000,0x00000000e8400000,0x00000000e8d00000)
 ParOldGen       total 35328K, used 10053K [0x00000000a0000000, 0x00000000a2280000, 0x00000000e0000000)
  object space 35328K, 28% used [0x00000000a0000000,0x00000000a09d1608,0x00000000a2280000)
 Metaspace       used 24973K, capacity 25562K, committed 25728K, reserved 1075200K
  class space    used 3410K, capacity 3589K, committed 3712K, reserved 1048576K
Event: 6.868 GC heap after
Heap after GC invocations=11 (full 2):
 PSYoungGen      total 134656K, used 0K [0x00000000e0000000, 0x00000000e8d00000, 0x0000000100000000)
  eden space 124928K, 0% used [0x00000000e0000000,0x00000000e0000000,0x00000000e7a00000)
  from space 9728K, 0% used [0x00000000e7a00000,0x00000000e7a00000,0x00000000e8380000)
  to   space 9216K, 0% used [0x00000000e8400000,0x00000000e8400000,0x00000000e8d00000)
 ParOldGen       total 35328K, used 12015K [0x00000000a0000000, 0x00000000a2280000, 0x00000000e0000000)
  object space 35328K, 34% used [0x00000000a0000000,0x00000000a0bbbde0,0x00000000a2280000)
 Metaspace       used 24973K, capacity 25562K, committed 25728K, reserved 1073152K
  class space    used 3410K, capacity 3589K, committed 3712K, reserved 1048576K
}

