# JRE version: OpenJDK Runtime Environment (8.0_212-b04) (build 1.8.0_212-release-1586-b04)
# Java VM: OpenJDK 64-Bit Server VM (25.212-b04 mixed mode windows-amd64 compressed oops)
Heap:
 PSYoungGen      total 462848K, used 227229K [0x00000000e0000000, 0x00000000ffd00000, 0x0000000100000000)
  eden space 409600K, 53% used [0x00000000e0000000,0x00000000ed66f218,0x00000000f9000000)
  from space 53248K, 14% used [0x00000000f9000000,0x00000000f9778270,0x00000000fc400000)
  to   space 51712K, 0% used [0x00000000fca80000,0x00000000fca80000,0x00000000ffd00000)
 ParOldGen       total 168960K, used 106329K [0x00000000a0000000, 0x00000000aa500000, 0x00000000e0000000)
  object space 168960K, 62% used [0x00000000a0000000,0x00000000a67d65f8,0x00000000aa500000)
 Metaspace       used 131324K, capacity 137594K, committed 138368K, reserved 1169408K
  class space    used 16770K, capacity 17993K, committed 18304K, reserved 1048576K
GC Heap History (10 events):
Event: 7609.801 GC heap before
{Heap before GC invocations=30 (full 5):
 PSYoungGen      total 455168K, used 409091K [0x00000000e0000000, 0x0000000100000000, 0x0000000100000000)
  eden space 389632K, 100% used [0x00000000e0000000,0x00000000f7c80000,0x00000000f7c80000)
  from space 65536K, 29% used [0x00000000fb900000,0x00000000fcc00db0,0x00000000ff900000)
  to   space 61952K, 0% used [0x00000000f7c80000,0x00000000f7c80000,0x00000000fb900000)
 ParOldGen       total 168960K, used 85745K [0x00000000a0000000, 0x00000000aa500000, 0x00000000e0000000)
  object space 168960K, 50% used [0x00000000a0000000,0x00000000a53bc7d8,0x00000000aa500000)
 Metaspace       used 130121K, capacity 136206K, committed 137472K, reserved 1169408K
  class space    used 16634K, capacity 17853K, committed 18176K, reserved 1048576K
Event: 7609.916 GC heap after
Heap after GC invocations=30 (full 5):
 PSYoungGen      total 451584K, used 13899K [0x00000000e0000000, 0x00000000ff780000, 0x0000000100000000)
  eden space 389632K, 0% used [0x00000000e0000000,0x00000000e0000000,0x00000000f7c80000)
  from space 61952K, 22% used [0x00000000f7c80000,0x00000000f8a12f50,0x00000000fb900000)
  to   space 59392K, 0% used [0x00000000fbd80000,0x00000000fbd80000,0x00000000ff780000)
 ParOldGen       total 168960K, used 87582K [0x00000000a0000000, 0x00000000aa500000, 0x00000000e0000000)
  object space 168960K, 51% used [0x00000000a0000000,0x00000000a5587bb0,0x00000000aa500000)
 Metaspace       used 130121K, capacity 136206K, committed 137472K, reserved 1169408K
  class space    used 16634K, capacity 17853K, committed 18176K, reserved 1048576K
}
Event: 7613.465 GC heap before
{Heap before GC invocations=31 (full 5):
 PSYoungGen      total 451584K, used 403531K [0x00000000e0000000, 0x00000000ff780000, 0x0000000100000000)
  eden space 389632K, 100% used [0x00000000e0000000,0x00000000f7c80000,0x00000000f7c80000)
  from space 61952K, 22% used [0x00000000f7c80000,0x00000000f8a12f50,0x00000000fb900000)
  to   space 59392K, 0% used [0x00000000fbd80000,0x00000000fbd80000,0x00000000ff780000)
 ParOldGen       total 168960K, used 87582K [0x00000000a0000000, 0x00000000aa500000, 0x00000000e0000000)
  object space 168960K, 51% used [0x00000000a0000000,0x00000000a5587bb0,0x00000000aa500000)
 Metaspace       used 130167K, capacity 136274K, committed 137472K, reserved 1169408K
  class space    used 16634K, capacity 17853K, committed 18176K, reserved 1048576K
Event: 7613.598 GC heap after
Heap after GC invocations=31 (full 5):
 PSYoungGen      total 457216K, used 4101K [0x00000000e0000000, 0x00000000ffb80000, 0x0000000100000000)
  eden space 397824K, 0% used [0x00000000e0000000,0x00000000e0000000,0x00000000f8480000)
  from space 59392K, 6% used [0x00000000fbd80000,0x00000000fc1815b8,0x00000000ff780000)
  to   space 58368K, 0% used [0x00000000f8480000,0x00000000f8480000,0x00000000fbd80000)
 ParOldGen       total 168960K, used 88383K [0x00000000a0000000, 0x00000000aa500000, 0x00000000e0000000)
  object space 168960K, 52% used [0x00000000a0000000,0x00000000a564ff28,0x00000000aa500000)
 Metaspace       used 130167K, capacity 136274K, committed 137472K, reserved 1169408K
  class space    used 16634K, capacity 17853K, committed 18176K, reserved 1048576K
}
Event: 7618.295 GC heap before
{Heap before GC invocations=32 (full 5):
 PSYoungGen      total 457216K, used 401925K [0x00000000e0000000, 0x00000000ffb80000, 0x0000000100000000)
  eden space 397824K, 100% used [0x00000000e0000000,0x00000000f8480000,0x00000000f8480000)
  from space 59392K, 6% used [0x00000000fbd80000,0x00000000fc1815b8,0x00000000ff780000)
  to   space 58368K, 0% used [0x00000000f8480000,0x00000000f8480000,0x00000000fbd80000)
 ParOldGen       total 168960K, used 88383K [0x00000000a0000000, 0x00000000aa500000, 0x00000000e0000000)
  object space 168960K, 52% used [0x00000000a0000000,0x00000000a564ff28,0x00000000aa500000)
 Metaspace       used 130198K, capacity 136346K, committed 137472K, reserved 1169408K
  class space    used 16634K, capacity 17853K, committed 18176K, reserved 1048576K
Event: 7618.377 GC heap after
Heap after GC invocations=32 (full 5):
 PSYoungGen      total 456192K, used 10102K [0x00000000e0000000, 0x00000000ffb00000, 0x0000000100000000)
  eden space 397824K, 0% used [0x00000000e0000000,0x00000000e0000000,0x00000000f8480000)
  from space 58368K, 17% used [0x00000000f8480000,0x00000000f8e5dab8,0x00000000fbd80000)
  to   space 56320K, 0% used [0x00000000fc400000,0x00000000fc400000,0x00000000ffb00000)
 ParOldGen       total 168960K, used 88994K [0x00000000a0000000, 0x00000000aa500000, 0x00000000e0000000)
  object space 168960K, 52% used [0x00000000a0000000,0x00000000a56e8b10,0x00000000aa500000)
 Metaspace       used 130198K, capacity 136346K, committed 137472K, reserved 1169408K
  class space    used 16634K, capacity 17853K, committed 18176K, reserved 1048576K
}
Event: 7623.044 GC heap before
{Heap before GC invocations=33 (full 5):
 PSYoungGen      total 456192K, used 407926K [0x00000000e0000000, 0x00000000ffb00000, 0x0000000100000000)
  eden space 397824K, 100% used [0x00000000e0000000,0x00000000f8480000,0x00000000f8480000)
  from space 58368K, 17% used [0x00000000f8480000,0x00000000f8e5dab8,0x00000000fbd80000)
  to   space 56320K, 0% used [0x00000000fc400000,0x00000000fc400000,0x00000000ffb00000)
 ParOldGen       total 168960K, used 88994K [0x00000000a0000000, 0x00000000aa500000, 0x00000000e0000000)
  object space 168960K, 52% used [0x00000000a0000000,0x00000000a56e8b10,0x00000000aa500000)
 Metaspace       used 130767K, capacity 137000K, committed 137984K, reserved 1169408K
  class space    used 16711K, capacity 17924K, committed 18176K, reserved 1048576K
Event: 7623.281 GC heap after
Heap after GC invocations=33 (full 5):
 PSYoungGen      total 462848K, used 14409K [0x00000000e0000000, 0x00000000ff800000, 0x0000000100000000)
  eden space 409600K, 0% used [0x00000000e0000000,0x00000000e0000000,0x00000000f9000000)
  from space 53248K, 27% used [0x00000000fc400000,0x00000000fd2125e8,0x00000000ff800000)
  to   space 53248K, 0% used [0x00000000f9000000,0x00000000f9000000,0x00000000fc400000)
 ParOldGen       total 168960K, used 96318K [0x00000000a0000000, 0x00000000aa500000, 0x00000000e0000000)
  object space 168960K, 57% used [0x00000000a0000000,0x00000000a5e0fab8,0x00000000aa500000)
 Metaspace       used 130767K, capacity 137000K, committed 137984K, reserved 1169408K
  class space    used 16711K, capacity 17924K, committed 18176K, reserved 1048576K
}
Event: 7628.818 GC heap before
{Heap before GC invocations=34 (full 5):
 PSYoungGen      total 462848K, used 424009K [0x00000000e0000000, 0x00000000ff800000, 0x0000000100000000)
  eden space 409600K, 100% used [0x00000000e0000000,0x00000000f9000000,0x00000000f9000000)
  from space 53248K, 27% used [0x00000000fc400000,0x00000000fd2125e8,0x00000000ff800000)
  to   space 53248K, 0% used [0x00000000f9000000,0x00000000f9000000,0x00000000fc400000)
 ParOldGen       total 168960K, used 96318K [0x00000000a0000000, 0x00000000aa500000, 0x00000000e0000000)
  object space 168960K, 57% used [0x00000000a0000000,0x00000000a5e0fab8,0x00000000aa500000)
 Metaspace       used 131300K, capacity 137588K, committed 138368K, reserved 1169408K
  class space    used 16768K, capacity 17992K, committed 18304K, reserved 1048576K
Event: 7628.991 GC heap after
Heap after GC invocations=34 (full 5):
 PSYoungGen      total 462848K, used 7648K [0x00000000e0000000, 0x00000000ffd00000, 0x0000000100000000)
  eden space 409600K, 0% used [0x00000000e0000000,0x00000000e0000000,0x00000000f9000000)
  from space 53248K, 14% used [0x00000000f9000000,0x00000000f9778270,0x00000000fc400000)
  to   space 51712K, 0% used [0x00000000fca80000,0x00000000fca80000,0x00000000ffd00000)
 ParOldGen       total 168960K, used 106329K [0x00000000a0000000, 0x00000000aa500000, 0x00000000e0000000)
  object space 168960K, 62% used [0x00000000a0000000,0x00000000a67d65f8,0x00000000aa500000)
 Metaspace       used 131300K, capacity 137588K, committed 138368K, reserved 1169408K
  class space    used 16768K, capacity 17992K, committed 18304K, reserved 1048576K
}

