# JRE version: OpenJDK Runtime Environment (8.0_212-b04) (build 1.8.0_212-release-1586-b04)
# Java VM: OpenJDK 64-Bit Server VM (25.212-b04 mixed mode windows-amd64 compressed oops)
Heap:
 PSYoungGen      total 133632K, used 111869K [0x00000000e0000000, 0x00000000e8c00000, 0x0000000100000000)
  eden space 124928K, 89% used [0x00000000e0000000,0x00000000e6d3f4f0,0x00000000e7a00000)
  from space 8704K, 0% used [0x00000000e8380000,0x00000000e8380000,0x00000000e8c00000)
  to   space 9216K, 0% used [0x00000000e7a00000,0x00000000e7a00000,0x00000000e8300000)
 ParOldGen       total 30720K, used 7340K [0x00000000a0000000, 0x00000000a1e00000, 0x00000000e0000000)
  object space 30720K, 23% used [0x00000000a0000000,0x00000000a072b3a8,0x00000000a1e00000)
 Metaspace       used 31043K, capacity 31640K, committed 31872K, reserved 1077248K
  class space    used 4223K, capacity 4399K, committed 4480K, reserved 1048576K
GC Heap History (10 events):
Event: 2.885 GC heap before
{Heap before GC invocations=5 (full 0):
 PSYoungGen      total 34304K, used 34288K [0x00000000e0000000, 0x00000000e2400000, 0x0000000100000000)
  eden space 31744K, 100% used [0x00000000e0000000,0x00000000e1f00000,0x00000000e1f00000)
  from space 2560K, 99% used [0x00000000e2180000,0x00000000e23fc010,0x00000000e2400000)
  to   space 2560K, 0% used [0x00000000e1f00000,0x00000000e1f00000,0x00000000e2180000)
 ParOldGen       total 42496K, used 1295K [0x00000000a0000000, 0x00000000a2980000, 0x00000000e0000000)
  object space 42496K, 3% used [0x00000000a0000000,0x00000000a0143ec0,0x00000000a2980000)
 Metaspace       used 12272K, capacity 12734K, committed 12800K, reserved 1060864K
  class space    used 1637K, capacity 1775K, committed 1792K, reserved 1048576K
Event: 2.899 GC heap after
Heap after GC invocations=5 (full 0):
 PSYoungGen      total 34304K, used 2544K [0x00000000e0000000, 0x00000000e4a00000, 0x0000000100000000)
  eden space 31744K, 0% used [0x00000000e0000000,0x00000000e0000000,0x00000000e1f00000)
  from space 2560K, 99% used [0x00000000e1f00000,0x00000000e217c010,0x00000000e2180000)
  to   space 6144K, 0% used [0x00000000e4400000,0x00000000e4400000,0x00000000e4a00000)
 ParOldGen       total 42496K, used 5032K [0x00000000a0000000, 0x00000000a2980000, 0x00000000e0000000)
  object space 42496K, 11% used [0x00000000a0000000,0x00000000a04ea010,0x00000000a2980000)
 Metaspace       used 12272K, capacity 12734K, committed 12800K, reserved 1060864K
  class space    used 1637K, capacity 1775K, committed 1792K, reserved 1048576K
}
Event: 3.430 GC heap before
{Heap before GC invocations=6 (full 0):
 PSYoungGen      total 34304K, used 34288K [0x00000000e0000000, 0x00000000e4a00000, 0x0000000100000000)
  eden space 31744K, 100% used [0x00000000e0000000,0x00000000e1f00000,0x00000000e1f00000)
  from space 2560K, 99% used [0x00000000e1f00000,0x00000000e217c010,0x00000000e2180000)
  to   space 6144K, 0% used [0x00000000e4400000,0x00000000e4400000,0x00000000e4a00000)
 ParOldGen       total 42496K, used 5032K [0x00000000a0000000, 0x00000000a2980000, 0x00000000e0000000)
  object space 42496K, 11% used [0x00000000a0000000,0x00000000a04ea010,0x00000000a2980000)
 Metaspace       used 14583K, capacity 15046K, committed 15232K, reserved 1062912K
  class space    used 2032K, capacity 2163K, committed 2176K, reserved 1048576K
Event: 3.445 GC heap after
Heap after GC invocations=6 (full 0):
 PSYoungGen      total 68608K, used 5879K [0x00000000e0000000, 0x00000000e4c00000, 0x0000000100000000)
  eden space 62464K, 0% used [0x00000000e0000000,0x00000000e0000000,0x00000000e3d00000)
  from space 6144K, 95% used [0x00000000e4400000,0x00000000e49bdc88,0x00000000e4a00000)
  to   space 7168K, 0% used [0x00000000e3d00000,0x00000000e3d00000,0x00000000e4400000)
 ParOldGen       total 42496K, used 5032K [0x00000000a0000000, 0x00000000a2980000, 0x00000000e0000000)
  object space 42496K, 11% used [0x00000000a0000000,0x00000000a04ea010,0x00000000a2980000)
 Metaspace       used 14583K, capacity 15046K, committed 15232K, reserved 1062912K
  class space    used 2032K, capacity 2163K, committed 2176K, reserved 1048576K
}
Event: 5.485 GC heap before
{Heap before GC invocations=7 (full 0):
 PSYoungGen      total 68608K, used 68343K [0x00000000e0000000, 0x00000000e4c00000, 0x0000000100000000)
  eden space 62464K, 100% used [0x00000000e0000000,0x00000000e3d00000,0x00000000e3d00000)
  from space 6144K, 95% used [0x00000000e4400000,0x00000000e49bdc88,0x00000000e4a00000)
  to   space 7168K, 0% used [0x00000000e3d00000,0x00000000e3d00000,0x00000000e4400000)
 ParOldGen       total 42496K, used 5032K [0x00000000a0000000, 0x00000000a2980000, 0x00000000e0000000)
  object space 42496K, 11% used [0x00000000a0000000,0x00000000a04ea010,0x00000000a2980000)
 Metaspace       used 20367K, capacity 20950K, committed 21120K, reserved 1067008K
  class space    used 2936K, capacity 3101K, committed 3200K, reserved 1048576K
Event: 5.502 GC heap after
Heap after GC invocations=7 (full 0):
 PSYoungGen      total 69632K, used 7141K [0x00000000e0000000, 0x00000000e8d00000, 0x0000000100000000)
  eden space 62464K, 0% used [0x00000000e0000000,0x00000000e0000000,0x00000000e3d00000)
  from space 7168K, 99% used [0x00000000e3d00000,0x00000000e43f9758,0x00000000e4400000)
  to   space 9728K, 0% used [0x00000000e8380000,0x00000000e8380000,0x00000000e8d00000)
 ParOldGen       total 42496K, used 8278K [0x00000000a0000000, 0x00000000a2980000, 0x00000000e0000000)
  object space 42496K, 19% used [0x00000000a0000000,0x00000000a0815848,0x00000000a2980000)
 Metaspace       used 20367K, capacity 20950K, committed 21120K, reserved 1067008K
  class space    used 2936K, capacity 3101K, committed 3200K, reserved 1048576K
}
Event: 5.557 GC heap before
{Heap before GC invocations=8 (full 0):
 PSYoungGen      total 69632K, used 9147K [0x00000000e0000000, 0x00000000e8d00000, 0x0000000100000000)
  eden space 62464K, 3% used [0x00000000e0000000,0x00000000e01f56b0,0x00000000e3d00000)
  from space 7168K, 99% used [0x00000000e3d00000,0x00000000e43f9758,0x00000000e4400000)
  to   space 9728K, 0% used [0x00000000e8380000,0x00000000e8380000,0x00000000e8d00000)
 ParOldGen       total 42496K, used 8278K [0x00000000a0000000, 0x00000000a2980000, 0x00000000e0000000)
  object space 42496K, 19% used [0x00000000a0000000,0x00000000a0815848,0x00000000a2980000)
 Metaspace       used 20635K, capacity 21174K, committed 21296K, reserved 1067008K
  class space    used 2976K, capacity 3133K, committed 3200K, reserved 1048576K
Event: 5.566 GC heap after
Heap after GC invocations=8 (full 0):
 PSYoungGen      total 133632K, used 4336K [0x00000000e0000000, 0x00000000e8c00000, 0x0000000100000000)
  eden space 124928K, 0% used [0x00000000e0000000,0x00000000e0000000,0x00000000e7a00000)
  from space 8704K, 49% used [0x00000000e8380000,0x00000000e87bc040,0x00000000e8c00000)
  to   space 9216K, 0% used [0x00000000e7a00000,0x00000000e7a00000,0x00000000e8300000)
 ParOldGen       total 42496K, used 9006K [0x00000000a0000000, 0x00000000a2980000, 0x00000000e0000000)
  object space 42496K, 21% used [0x00000000a0000000,0x00000000a08cb848,0x00000000a2980000)
 Metaspace       used 20635K, capacity 21174K, committed 21296K, reserved 1067008K
  class space    used 2976K, capacity 3133K, committed 3200K, reserved 1048576K
}
Event: 5.566 GC heap before
{Heap before GC invocations=9 (full 1):
 PSYoungGen      total 133632K, used 4336K [0x00000000e0000000, 0x00000000e8c00000, 0x0000000100000000)
  eden space 124928K, 0% used [0x00000000e0000000,0x00000000e0000000,0x00000000e7a00000)
  from space 8704K, 49% used [0x00000000e8380000,0x00000000e87bc040,0x00000000e8c00000)
  to   space 9216K, 0% used [0x00000000e7a00000,0x00000000e7a00000,0x00000000e8300000)
 ParOldGen       total 42496K, used 9006K [0x00000000a0000000, 0x00000000a2980000, 0x00000000e0000000)
  object space 42496K, 21% used [0x00000000a0000000,0x00000000a08cb848,0x00000000a2980000)
 Metaspace       used 20635K, capacity 21174K, committed 21296K, reserved 1067008K
  class space    used 2976K, capacity 3133K, committed 3200K, reserved 1048576K
Event: 5.629 GC heap after
Heap after GC invocations=9 (full 1):
 PSYoungGen      total 133632K, used 0K [0x00000000e0000000, 0x00000000e8c00000, 0x0000000100000000)
  eden space 124928K, 0% used [0x00000000e0000000,0x00000000e0000000,0x00000000e7a00000)
  from space 8704K, 0% used [0x00000000e8380000,0x00000000e8380000,0x00000000e8c00000)
  to   space 9216K, 0% used [0x00000000e7a00000,0x00000000e7a00000,0x00000000e8300000)
 ParOldGen       total 30720K, used 7340K [0x00000000a0000000, 0x00000000a1e00000, 0x00000000e0000000)
  object space 30720K, 23% used [0x00000000a0000000,0x00000000a072b3a8,0x00000000a1e00000)
 Metaspace       used 20635K, capacity 21174K, committed 21296K, reserved 1067008K
  class space    used 2976K, capacity 3133K, committed 3200K, reserved 1048576K
}

