# JRE version: OpenJDK Runtime Environment (8.0_212-b04) (build 1.8.0_212-release-1586-b04)
# Java VM: OpenJDK 64-Bit Server VM (25.212-b04 mixed mode windows-amd64 compressed oops)
Heap:
 PSYoungGen      total 95744K, used 71215K [0x00000000e0000000, 0x00000000e8300000, 0x0000000100000000)
  eden space 86016K, 71% used [0x00000000e0000000,0x00000000e3c0f5b0,0x00000000e5400000)
  from space 9728K, 99% used [0x00000000e7980000,0x00000000e82fc7e8,0x00000000e8300000)
  to   space 7680K, 0% used [0x00000000e5400000,0x00000000e5400000,0x00000000e5b80000)
 ParOldGen       total 52736K, used 27844K [0x00000000a0000000, 0x00000000a3380000, 0x00000000e0000000)
  object space 52736K, 52% used [0x00000000a0000000,0x00000000a1b313e8,0x00000000a3380000)
 Metaspace       used 55655K, capacity 57412K, committed 57600K, reserved 1099776K
  class space    used 7665K, capacity 8079K, committed 8192K, reserved 1048576K
GC Heap History (10 events):
Event: 19.243 GC heap before
{Heap before GC invocations=14 (full 1):
 PSYoungGen      total 69120K, used 69111K [0x00000000e0000000, 0x00000000e5500000, 0x0000000100000000)
  eden space 63488K, 100% used [0x00000000e0000000,0x00000000e3e00000,0x00000000e3e00000)
  from space 5632K, 99% used [0x00000000e4f80000,0x00000000e54fdc60,0x00000000e5500000)
  to   space 6656K, 0% used [0x00000000e4800000,0x00000000e4800000,0x00000000e4e80000)
 ParOldGen       total 32256K, used 8827K [0x00000000a0000000, 0x00000000a1f80000, 0x00000000e0000000)
  object space 32256K, 27% used [0x00000000a0000000,0x00000000a089ef48,0x00000000a1f80000)
 Metaspace       used 31183K, capacity 31736K, committed 31872K, reserved 1077248K
  class space    used 4252K, capacity 4431K, committed 4480K, reserved 1048576K
Event: 19.310 GC heap after
Heap after GC invocations=14 (full 1):
 PSYoungGen      total 80384K, used 5019K [0x00000000e0000000, 0x00000000e6280000, 0x0000000100000000)
  eden space 73728K, 0% used [0x00000000e0000000,0x00000000e0000000,0x00000000e4800000)
  from space 6656K, 75% used [0x00000000e4800000,0x00000000e4ce6da8,0x00000000e4e80000)
  to   space 7168K, 0% used [0x00000000e5b80000,0x00000000e5b80000,0x00000000e6280000)
 ParOldGen       total 32256K, used 11919K [0x00000000a0000000, 0x00000000a1f80000, 0x00000000e0000000)
  object space 32256K, 36% used [0x00000000a0000000,0x00000000a0ba3f78,0x00000000a1f80000)
 Metaspace       used 31183K, capacity 31736K, committed 31872K, reserved 1077248K
  class space    used 4252K, capacity 4431K, committed 4480K, reserved 1048576K
}
Event: 22.662 GC heap before
{Heap before GC invocations=15 (full 1):
 PSYoungGen      total 80384K, used 75776K [0x00000000e0000000, 0x00000000e6280000, 0x0000000100000000)
  eden space 73728K, 95% used [0x00000000e0000000,0x00000000e4519340,0x00000000e4800000)
  from space 6656K, 75% used [0x00000000e4800000,0x00000000e4ce6da8,0x00000000e4e80000)
  to   space 7168K, 0% used [0x00000000e5b80000,0x00000000e5b80000,0x00000000e6280000)
 ParOldGen       total 32256K, used 11919K [0x00000000a0000000, 0x00000000a1f80000, 0x00000000e0000000)
  object space 32256K, 36% used [0x00000000a0000000,0x00000000a0ba3f78,0x00000000a1f80000)
 Metaspace       used 34510K, capacity 35366K, committed 35456K, reserved 1079296K
  class space    used 4731K, capacity 4962K, committed 4992K, reserved 1048576K
Event: 22.678 GC heap after
Heap after GC invocations=15 (full 1):
 PSYoungGen      total 93184K, used 6051K [0x00000000e0000000, 0x00000000e6f00000, 0x0000000100000000)
  eden space 86016K, 0% used [0x00000000e0000000,0x00000000e0000000,0x00000000e5400000)
  from space 7168K, 84% used [0x00000000e5b80000,0x00000000e6168d10,0x00000000e6280000)
  to   space 7680K, 0% used [0x00000000e5400000,0x00000000e5400000,0x00000000e5b80000)
 ParOldGen       total 32256K, used 13742K [0x00000000a0000000, 0x00000000a1f80000, 0x00000000e0000000)
  object space 32256K, 42% used [0x00000000a0000000,0x00000000a0d6bb28,0x00000000a1f80000)
 Metaspace       used 34510K, capacity 35366K, committed 35456K, reserved 1079296K
  class space    used 4731K, capacity 4962K, committed 4992K, reserved 1048576K
}
Event: 22.678 GC heap before
{Heap before GC invocations=16 (full 2):
 PSYoungGen      total 93184K, used 6051K [0x00000000e0000000, 0x00000000e6f00000, 0x0000000100000000)
  eden space 86016K, 0% used [0x00000000e0000000,0x00000000e0000000,0x00000000e5400000)
  from space 7168K, 84% used [0x00000000e5b80000,0x00000000e6168d10,0x00000000e6280000)
  to   space 7680K, 0% used [0x00000000e5400000,0x00000000e5400000,0x00000000e5b80000)
 ParOldGen       total 32256K, used 13742K [0x00000000a0000000, 0x00000000a1f80000, 0x00000000e0000000)
  object space 32256K, 42% used [0x00000000a0000000,0x00000000a0d6bb28,0x00000000a1f80000)
 Metaspace       used 34510K, capacity 35366K, committed 35456K, reserved 1079296K
  class space    used 4731K, capacity 4962K, committed 4992K, reserved 1048576K
Event: 22.781 GC heap after
Heap after GC invocations=16 (full 2):
 PSYoungGen      total 93184K, used 0K [0x00000000e0000000, 0x00000000e6f00000, 0x0000000100000000)
  eden space 86016K, 0% used [0x00000000e0000000,0x00000000e0000000,0x00000000e5400000)
  from space 7168K, 0% used [0x00000000e5b80000,0x00000000e5b80000,0x00000000e6280000)
  to   space 7680K, 0% used [0x00000000e5400000,0x00000000e5400000,0x00000000e5b80000)
 ParOldGen       total 52736K, used 17634K [0x00000000a0000000, 0x00000000a3380000, 0x00000000e0000000)
  object space 52736K, 33% used [0x00000000a0000000,0x00000000a1138958,0x00000000a3380000)
 Metaspace       used 34501K, capacity 35336K, committed 35456K, reserved 1079296K
  class space    used 4729K, capacity 4957K, committed 4992K, reserved 1048576K
}
Event: 26.400 GC heap before
{Heap before GC invocations=17 (full 2):
 PSYoungGen      total 93184K, used 86016K [0x00000000e0000000, 0x00000000e6f00000, 0x0000000100000000)
  eden space 86016K, 100% used [0x00000000e0000000,0x00000000e5400000,0x00000000e5400000)
  from space 7168K, 0% used [0x00000000e5b80000,0x00000000e5b80000,0x00000000e6280000)
  to   space 7680K, 0% used [0x00000000e5400000,0x00000000e5400000,0x00000000e5b80000)
 ParOldGen       total 52736K, used 17634K [0x00000000a0000000, 0x00000000a3380000, 0x00000000e0000000)
  object space 52736K, 33% used [0x00000000a0000000,0x00000000a1138958,0x00000000a3380000)
 Metaspace       used 43474K, capacity 44652K, committed 44928K, reserved 1087488K
  class space    used 5866K, capacity 6182K, committed 6272K, reserved 1048576K
Event: 26.432 GC heap after
Heap after GC invocations=17 (full 2):
 PSYoungGen      total 93696K, used 7654K [0x00000000e0000000, 0x00000000e8300000, 0x0000000100000000)
  eden space 86016K, 0% used [0x00000000e0000000,0x00000000e0000000,0x00000000e5400000)
  from space 7680K, 99% used [0x00000000e5400000,0x00000000e5b799c0,0x00000000e5b80000)
  to   space 9728K, 0% used [0x00000000e7980000,0x00000000e7980000,0x00000000e8300000)
 ParOldGen       total 52736K, used 21017K [0x00000000a0000000, 0x00000000a3380000, 0x00000000e0000000)
  object space 52736K, 39% used [0x00000000a0000000,0x00000000a1486788,0x00000000a3380000)
 Metaspace       used 43474K, capacity 44652K, committed 44928K, reserved 1087488K
  class space    used 5866K, capacity 6182K, committed 6272K, reserved 1048576K
}
Event: 29.469 GC heap before
{Heap before GC invocations=18 (full 2):
 PSYoungGen      total 93696K, used 93670K [0x00000000e0000000, 0x00000000e8300000, 0x0000000100000000)
  eden space 86016K, 100% used [0x00000000e0000000,0x00000000e5400000,0x00000000e5400000)
  from space 7680K, 99% used [0x00000000e5400000,0x00000000e5b799c0,0x00000000e5b80000)
  to   space 9728K, 0% used [0x00000000e7980000,0x00000000e7980000,0x00000000e8300000)
 ParOldGen       total 52736K, used 21017K [0x00000000a0000000, 0x00000000a3380000, 0x00000000e0000000)
  object space 52736K, 39% used [0x00000000a0000000,0x00000000a1486788,0x00000000a3380000)
 Metaspace       used 51343K, capacity 53034K, committed 53248K, reserved 1095680K
  class space    used 6995K, capacity 7408K, committed 7424K, reserved 1048576K
Event: 29.509 GC heap after
Heap after GC invocations=18 (full 2):
 PSYoungGen      total 95744K, used 9713K [0x00000000e0000000, 0x00000000e8300000, 0x0000000100000000)
  eden space 86016K, 0% used [0x00000000e0000000,0x00000000e0000000,0x00000000e5400000)
  from space 9728K, 99% used [0x00000000e7980000,0x00000000e82fc7e8,0x00000000e8300000)
  to   space 7680K, 0% used [0x00000000e5400000,0x00000000e5400000,0x00000000e5b80000)
 ParOldGen       total 52736K, used 27844K [0x00000000a0000000, 0x00000000a3380000, 0x00000000e0000000)
  object space 52736K, 52% used [0x00000000a0000000,0x00000000a1b313e8,0x00000000a3380000)
 Metaspace       used 51343K, capacity 53034K, committed 53248K, reserved 1095680K
  class space    used 6995K, capacity 7408K, committed 7424K, reserved 1048576K
}

