# JRE version: OpenJDK Runtime Environment (8.0_212-b04) (build 1.8.0_212-release-1586-b04)
# Java VM: OpenJDK 64-Bit Server VM (25.212-b04 mixed mode windows-amd64 compressed oops)
Heap:
 PSYoungGen      total 80384K, used 14623K [0x00000000e0000000, 0x00000000e6380000, 0x0000000100000000)
  eden space 70656K, 20% used [0x00000000e0000000,0x00000000e0e47c68,0x00000000e4500000)
  from space 9728K, 0% used [0x00000000e5a00000,0x00000000e5a00000,0x00000000e6380000)
  to   space 7168K, 0% used [0x00000000e4500000,0x00000000e4500000,0x00000000e4c00000)
 ParOldGen       total 38400K, used 30876K [0x00000000a0000000, 0x00000000a2580000, 0x00000000e0000000)
  object space 38400K, 80% used [0x00000000a0000000,0x00000000a1e27190,0x00000000a2580000)
 Metaspace       used 57907K, capacity 60136K, committed 60288K, reserved 1101824K
  class space    used 8006K, capacity 8505K, committed 8576K, reserved 1048576K
GC Heap History (10 events):
Event: 220.067 GC heap before
{Heap before GC invocations=19 (full 2):
 PSYoungGen      total 70656K, used 70181K [0x00000000e0000000, 0x00000000e5300000, 0x0000000100000000)
  eden space 64512K, 100% used [0x00000000e0000000,0x00000000e3f00000,0x00000000e3f00000)
  from space 6144K, 92% used [0x00000000e4d00000,0x00000000e5289718,0x00000000e5300000)
  to   space 7168K, 0% used [0x00000000e4500000,0x00000000e4500000,0x00000000e4c00000)
 ParOldGen       total 38400K, used 15255K [0x00000000a0000000, 0x00000000a2580000, 0x00000000e0000000)
  object space 38400K, 39% used [0x00000000a0000000,0x00000000a0ee5e88,0x00000000a2580000)
 Metaspace       used 44340K, capacity 45468K, committed 45696K, reserved 1089536K
  class space    used 5972K, capacity 6246K, committed 6272K, reserved 1048576K
Event: 220.086 GC heap after
Heap after GC invocations=19 (full 2):
 PSYoungGen      total 77824K, used 7148K [0x00000000e0000000, 0x00000000e6380000, 0x0000000100000000)
  eden space 70656K, 0% used [0x00000000e0000000,0x00000000e0000000,0x00000000e4500000)
  from space 7168K, 99% used [0x00000000e4500000,0x00000000e4bfb340,0x00000000e4c00000)
  to   space 9728K, 0% used [0x00000000e5a00000,0x00000000e5a00000,0x00000000e6380000)
 ParOldGen       total 38400K, used 19660K [0x00000000a0000000, 0x00000000a2580000, 0x00000000e0000000)
  object space 38400K, 51% used [0x00000000a0000000,0x00000000a1333108,0x00000000a2580000)
 Metaspace       used 44340K, capacity 45468K, committed 45696K, reserved 1089536K
  class space    used 5972K, capacity 6246K, committed 6272K, reserved 1048576K
}
Event: 222.183 GC heap before
{Heap before GC invocations=20 (full 2):
 PSYoungGen      total 77824K, used 77804K [0x00000000e0000000, 0x00000000e6380000, 0x0000000100000000)
  eden space 70656K, 100% used [0x00000000e0000000,0x00000000e4500000,0x00000000e4500000)
  from space 7168K, 99% used [0x00000000e4500000,0x00000000e4bfb340,0x00000000e4c00000)
  to   space 9728K, 0% used [0x00000000e5a00000,0x00000000e5a00000,0x00000000e6380000)
 ParOldGen       total 38400K, used 19660K [0x00000000a0000000, 0x00000000a2580000, 0x00000000e0000000)
  object space 38400K, 51% used [0x00000000a0000000,0x00000000a1333108,0x00000000a2580000)
 Metaspace       used 51326K, capacity 52942K, committed 53248K, reserved 1095680K
  class space    used 6969K, capacity 7356K, committed 7424K, reserved 1048576K
Event: 222.214 GC heap after
Heap after GC invocations=20 (full 2):
 PSYoungGen      total 80384K, used 9409K [0x00000000e0000000, 0x00000000e6380000, 0x0000000100000000)
  eden space 70656K, 0% used [0x00000000e0000000,0x00000000e0000000,0x00000000e4500000)
  from space 9728K, 96% used [0x00000000e5a00000,0x00000000e63306e8,0x00000000e6380000)
  to   space 7168K, 0% used [0x00000000e4500000,0x00000000e4500000,0x00000000e4c00000)
 ParOldGen       total 38400K, used 24063K [0x00000000a0000000, 0x00000000a2580000, 0x00000000e0000000)
  object space 38400K, 62% used [0x00000000a0000000,0x00000000a177feb0,0x00000000a2580000)
 Metaspace       used 51326K, capacity 52942K, committed 53248K, reserved 1095680K
  class space    used 6969K, capacity 7356K, committed 7424K, reserved 1048576K
}
Event: 223.912 GC heap before
{Heap before GC invocations=21 (full 2):
 PSYoungGen      total 80384K, used 80065K [0x00000000e0000000, 0x00000000e6380000, 0x0000000100000000)
  eden space 70656K, 100% used [0x00000000e0000000,0x00000000e4500000,0x00000000e4500000)
  from space 9728K, 96% used [0x00000000e5a00000,0x00000000e63306e8,0x00000000e6380000)
  to   space 7168K, 0% used [0x00000000e4500000,0x00000000e4500000,0x00000000e4c00000)
 ParOldGen       total 38400K, used 24063K [0x00000000a0000000, 0x00000000a2580000, 0x00000000e0000000)
  object space 38400K, 62% used [0x00000000a0000000,0x00000000a177feb0,0x00000000a2580000)
 Metaspace       used 56114K, capacity 57958K, committed 58112K, reserved 1099776K
  class space    used 7718K, capacity 8166K, committed 8192K, reserved 1048576K
Event: 223.942 GC heap after
Heap after GC invocations=21 (full 2):
 PSYoungGen      total 77824K, used 7058K [0x00000000e0000000, 0x00000000e6380000, 0x0000000100000000)
  eden space 70656K, 0% used [0x00000000e0000000,0x00000000e0000000,0x00000000e4500000)
  from space 7168K, 98% used [0x00000000e4500000,0x00000000e4be4980,0x00000000e4c00000)
  to   space 9728K, 0% used [0x00000000e5a00000,0x00000000e5a00000,0x00000000e6380000)
 ParOldGen       total 38400K, used 28379K [0x00000000a0000000, 0x00000000a2580000, 0x00000000e0000000)
  object space 38400K, 73% used [0x00000000a0000000,0x00000000a1bb6f50,0x00000000a2580000)
 Metaspace       used 56114K, capacity 57958K, committed 58112K, reserved 1099776K
  class space    used 7718K, capacity 8166K, committed 8192K, reserved 1048576K
}
Event: 224.590 GC heap before
{Heap before GC invocations=22 (full 2):
 PSYoungGen      total 77824K, used 28776K [0x00000000e0000000, 0x00000000e6380000, 0x0000000100000000)
  eden space 70656K, 30% used [0x00000000e0000000,0x00000000e15357b0,0x00000000e4500000)
  from space 7168K, 98% used [0x00000000e4500000,0x00000000e4be4980,0x00000000e4c00000)
  to   space 9728K, 0% used [0x00000000e5a00000,0x00000000e5a00000,0x00000000e6380000)
 ParOldGen       total 38400K, used 28379K [0x00000000a0000000, 0x00000000a2580000, 0x00000000e0000000)
  object space 38400K, 73% used [0x00000000a0000000,0x00000000a1bb6f50,0x00000000a2580000)
 Metaspace       used 57188K, capacity 59066K, committed 59096K, reserved 1099776K
  class space    used 7861K, capacity 8314K, committed 8320K, reserved 1048576K
Event: 224.604 GC heap after
Heap after GC invocations=22 (full 2):
 PSYoungGen      total 80384K, used 3570K [0x00000000e0000000, 0x00000000e6380000, 0x0000000100000000)
  eden space 70656K, 0% used [0x00000000e0000000,0x00000000e0000000,0x00000000e4500000)
  from space 9728K, 36% used [0x00000000e5a00000,0x00000000e5d7ca28,0x00000000e6380000)
  to   space 7168K, 0% used [0x00000000e4500000,0x00000000e4500000,0x00000000e4c00000)
 ParOldGen       total 38400K, used 31364K [0x00000000a0000000, 0x00000000a2580000, 0x00000000e0000000)
  object space 38400K, 81% used [0x00000000a0000000,0x00000000a1ea1140,0x00000000a2580000)
 Metaspace       used 57188K, capacity 59066K, committed 59096K, reserved 1099776K
  class space    used 7861K, capacity 8314K, committed 8320K, reserved 1048576K
}
Event: 224.604 GC heap before
{Heap before GC invocations=23 (full 3):
 PSYoungGen      total 80384K, used 3570K [0x00000000e0000000, 0x00000000e6380000, 0x0000000100000000)
  eden space 70656K, 0% used [0x00000000e0000000,0x00000000e0000000,0x00000000e4500000)
  from space 9728K, 36% used [0x00000000e5a00000,0x00000000e5d7ca28,0x00000000e6380000)
  to   space 7168K, 0% used [0x00000000e4500000,0x00000000e4500000,0x00000000e4c00000)
 ParOldGen       total 38400K, used 31364K [0x00000000a0000000, 0x00000000a2580000, 0x00000000e0000000)
  object space 38400K, 81% used [0x00000000a0000000,0x00000000a1ea1140,0x00000000a2580000)
 Metaspace       used 57188K, capacity 59066K, committed 59096K, reserved 1099776K
  class space    used 7861K, capacity 8314K, committed 8320K, reserved 1048576K
Event: 224.885 GC heap after
Heap after GC invocations=23 (full 3):
 PSYoungGen      total 80384K, used 0K [0x00000000e0000000, 0x00000000e6380000, 0x0000000100000000)
  eden space 70656K, 0% used [0x00000000e0000000,0x00000000e0000000,0x00000000e4500000)
  from space 9728K, 0% used [0x00000000e5a00000,0x00000000e5a00000,0x00000000e6380000)
  to   space 7168K, 0% used [0x00000000e4500000,0x00000000e4500000,0x00000000e4c00000)
 ParOldGen       total 38400K, used 30876K [0x00000000a0000000, 0x00000000a2580000, 0x00000000e0000000)
  object space 38400K, 80% used [0x00000000a0000000,0x00000000a1e27190,0x00000000a2580000)
 Metaspace       used 57186K, capacity 59060K, committed 59096K, reserved 1099776K
  class space    used 7861K, capacity 8313K, committed 8320K, reserved 1048576K
}

