# JRE version: OpenJDK Runtime Environment (8.0_212-b04) (build 1.8.0_212-release-1586-b04)
# Java VM: OpenJDK 64-Bit Server VM (25.212-b04 mixed mode windows-amd64 compressed oops)
Heap:
 PSYoungGen      total 124928K, used 8675K [0x00000000e0000000, 0x00000000e9200000, 0x0000000100000000)
  eden space 116224K, 7% used [0x00000000e0000000,0x00000000e0878f90,0x00000000e7180000)
  from space 8704K, 0% used [0x00000000e7a00000,0x00000000e7a00000,0x00000000e8280000)
  to   space 8704K, 0% used [0x00000000e7180000,0x00000000e7180000,0x00000000e7a00000)
 ParOldGen       total 33280K, used 16064K [0x00000000a0000000, 0x00000000a2080000, 0x00000000e0000000)
  object space 33280K, 48% used [0x00000000a0000000,0x00000000a0fb02a8,0x00000000a2080000)
 Metaspace       used 34861K, capacity 35730K, committed 35840K, reserved 1079296K
  class space    used 4788K, capacity 5012K, committed 5120K, reserved 1048576K
GC Heap History (10 events):
Event: 7.659 GC heap before
{Heap before GC invocations=10 (full 1):
 PSYoungGen      total 67584K, used 6161K [0x00000000e0000000, 0x00000000e6e80000, 0x0000000100000000)
  eden space 60928K, 0% used [0x00000000e0000000,0x00000000e0000000,0x00000000e3b80000)
  from space 6656K, 92% used [0x00000000e3b80000,0x00000000e4184688,0x00000000e4200000)
  to   space 7680K, 0% used [0x00000000e6700000,0x00000000e6700000,0x00000000e6e80000)
 ParOldGen       total 42496K, used 6446K [0x00000000a0000000, 0x00000000a2980000, 0x00000000e0000000)
  object space 42496K, 15% used [0x00000000a0000000,0x00000000a064ba88,0x00000000a2980000)
 Metaspace       used 20640K, capacity 21174K, committed 21296K, reserved 1067008K
  class space    used 2971K, capacity 3133K, committed 3200K, reserved 1048576K
Event: 7.720 GC heap after
Heap after GC invocations=10 (full 1):
 PSYoungGen      total 67584K, used 0K [0x00000000e0000000, 0x00000000e6e80000, 0x0000000100000000)
  eden space 60928K, 0% used [0x00000000e0000000,0x00000000e0000000,0x00000000e3b80000)
  from space 6656K, 0% used [0x00000000e3b80000,0x00000000e3b80000,0x00000000e4200000)
  to   space 7680K, 0% used [0x00000000e6700000,0x00000000e6700000,0x00000000e6e80000)
 ParOldGen       total 33280K, used 9892K [0x00000000a0000000, 0x00000000a2080000, 0x00000000e0000000)
  object space 33280K, 29% used [0x00000000a0000000,0x00000000a09a91e0,0x00000000a2080000)
 Metaspace       used 20640K, capacity 21174K, committed 21296K, reserved 1067008K
  class space    used 2971K, capacity 3133K, committed 3200K, reserved 1048576K
}
Event: 10.033 GC heap before
{Heap before GC invocations=11 (full 1):
 PSYoungGen      total 67584K, used 60928K [0x00000000e0000000, 0x00000000e6e80000, 0x0000000100000000)
  eden space 60928K, 100% used [0x00000000e0000000,0x00000000e3b80000,0x00000000e3b80000)
  from space 6656K, 0% used [0x00000000e3b80000,0x00000000e3b80000,0x00000000e4200000)
  to   space 7680K, 0% used [0x00000000e6700000,0x00000000e6700000,0x00000000e6e80000)
 ParOldGen       total 33280K, used 9892K [0x00000000a0000000, 0x00000000a2080000, 0x00000000e0000000)
  object space 33280K, 29% used [0x00000000a0000000,0x00000000a09a91e0,0x00000000a2080000)
 Metaspace       used 28464K, capacity 29044K, committed 29184K, reserved 1075200K
  class space    used 3877K, capacity 4067K, committed 4096K, reserved 1048576K
Event: 10.050 GC heap after
Heap after GC invocations=11 (full 1):
 PSYoungGen      total 91648K, used 7649K [0x00000000e0000000, 0x00000000e6e80000, 0x0000000100000000)
  eden space 83968K, 0% used [0x00000000e0000000,0x00000000e0000000,0x00000000e5200000)
  from space 7680K, 99% used [0x00000000e6700000,0x00000000e6e787f8,0x00000000e6e80000)
  to   space 8704K, 0% used [0x00000000e5d80000,0x00000000e5d80000,0x00000000e6600000)
 ParOldGen       total 33280K, used 10172K [0x00000000a0000000, 0x00000000a2080000, 0x00000000e0000000)
  object space 33280K, 30% used [0x00000000a0000000,0x00000000a09ef0d0,0x00000000a2080000)
 Metaspace       used 28464K, capacity 29044K, committed 29184K, reserved 1075200K
  class space    used 3877K, capacity 4067K, committed 4096K, reserved 1048576K
}
Event: 11.785 GC heap before
{Heap before GC invocations=12 (full 1):
 PSYoungGen      total 91648K, used 91617K [0x00000000e0000000, 0x00000000e6e80000, 0x0000000100000000)
  eden space 83968K, 100% used [0x00000000e0000000,0x00000000e5200000,0x00000000e5200000)
  from space 7680K, 99% used [0x00000000e6700000,0x00000000e6e787f8,0x00000000e6e80000)
  to   space 8704K, 0% used [0x00000000e5d80000,0x00000000e5d80000,0x00000000e6600000)
 ParOldGen       total 33280K, used 10172K [0x00000000a0000000, 0x00000000a2080000, 0x00000000e0000000)
  object space 33280K, 30% used [0x00000000a0000000,0x00000000a09ef0d0,0x00000000a2080000)
 Metaspace       used 32941K, capacity 33536K, committed 33664K, reserved 1079296K
  class space    used 4511K, capacity 4709K, committed 4736K, reserved 1048576K
Event: 11.814 GC heap after
Heap after GC invocations=12 (full 1):
 PSYoungGen      total 104448K, used 6294K [0x00000000e0000000, 0x00000000e8280000, 0x0000000100000000)
  eden space 95744K, 0% used [0x00000000e0000000,0x00000000e0000000,0x00000000e5d80000)
  from space 8704K, 72% used [0x00000000e5d80000,0x00000000e63a5880,0x00000000e6600000)
  to   space 8704K, 0% used [0x00000000e7a00000,0x00000000e7a00000,0x00000000e8280000)
 ParOldGen       total 33280K, used 13560K [0x00000000a0000000, 0x00000000a2080000, 0x00000000e0000000)
  object space 33280K, 40% used [0x00000000a0000000,0x00000000a0d3e100,0x00000000a2080000)
 Metaspace       used 32941K, capacity 33536K, committed 33664K, reserved 1079296K
  class space    used 4511K, capacity 4709K, committed 4736K, reserved 1048576K
}
Event: 13.244 GC heap before
{Heap before GC invocations=13 (full 1):
 PSYoungGen      total 104448K, used 45909K [0x00000000e0000000, 0x00000000e8280000, 0x0000000100000000)
  eden space 95744K, 41% used [0x00000000e0000000,0x00000000e26afe78,0x00000000e5d80000)
  from space 8704K, 72% used [0x00000000e5d80000,0x00000000e63a5880,0x00000000e6600000)
  to   space 8704K, 0% used [0x00000000e7a00000,0x00000000e7a00000,0x00000000e8280000)
 ParOldGen       total 33280K, used 13560K [0x00000000a0000000, 0x00000000a2080000, 0x00000000e0000000)
  object space 33280K, 40% used [0x00000000a0000000,0x00000000a0d3e100,0x00000000a2080000)
 Metaspace       used 34604K, capacity 35436K, committed 35496K, reserved 1079296K
  class space    used 4738K, capacity 4963K, committed 4992K, reserved 1048576K
Event: 13.260 GC heap after
Heap after GC invocations=13 (full 1):
 PSYoungGen      total 124928K, used 3648K [0x00000000e0000000, 0x00000000e9200000, 0x0000000100000000)
  eden space 116224K, 0% used [0x00000000e0000000,0x00000000e0000000,0x00000000e7180000)
  from space 8704K, 41% used [0x00000000e7a00000,0x00000000e7d90000,0x00000000e8280000)
  to   space 8704K, 0% used [0x00000000e7180000,0x00000000e7180000,0x00000000e7a00000)
 ParOldGen       total 33280K, used 15744K [0x00000000a0000000, 0x00000000a2080000, 0x00000000e0000000)
  object space 33280K, 47% used [0x00000000a0000000,0x00000000a0f60118,0x00000000a2080000)
 Metaspace       used 34604K, capacity 35436K, committed 35496K, reserved 1079296K
  class space    used 4738K, capacity 4963K, committed 4992K, reserved 1048576K
}
Event: 13.260 GC heap before
{Heap before GC invocations=14 (full 2):
 PSYoungGen      total 124928K, used 3648K [0x00000000e0000000, 0x00000000e9200000, 0x0000000100000000)
  eden space 116224K, 0% used [0x00000000e0000000,0x00000000e0000000,0x00000000e7180000)
  from space 8704K, 41% used [0x00000000e7a00000,0x00000000e7d90000,0x00000000e8280000)
  to   space 8704K, 0% used [0x00000000e7180000,0x00000000e7180000,0x00000000e7a00000)
 ParOldGen       total 33280K, used 15744K [0x00000000a0000000, 0x00000000a2080000, 0x00000000e0000000)
  object space 33280K, 47% used [0x00000000a0000000,0x00000000a0f60118,0x00000000a2080000)
 Metaspace       used 34604K, capacity 35436K, committed 35496K, reserved 1079296K
  class space    used 4738K, capacity 4963K, committed 4992K, reserved 1048576K
Event: 13.377 GC heap after
Heap after GC invocations=14 (full 2):
 PSYoungGen      total 124928K, used 0K [0x00000000e0000000, 0x00000000e9200000, 0x0000000100000000)
  eden space 116224K, 0% used [0x00000000e0000000,0x00000000e0000000,0x00000000e7180000)
  from space 8704K, 0% used [0x00000000e7a00000,0x00000000e7a00000,0x00000000e8280000)
  to   space 8704K, 0% used [0x00000000e7180000,0x00000000e7180000,0x00000000e7a00000)
 ParOldGen       total 33280K, used 16064K [0x00000000a0000000, 0x00000000a2080000, 0x00000000e0000000)
  object space 33280K, 48% used [0x00000000a0000000,0x00000000a0fb02a8,0x00000000a2080000)
 Metaspace       used 34597K, capacity 35412K, committed 35496K, reserved 1079296K
  class space    used 4736K, capacity 4959K, committed 4992K, reserved 1048576K
}

