# JRE version: OpenJDK Runtime Environment (8.0_212-b04) (build 1.8.0_212-release-1586-b04)
# Java VM: OpenJDK 64-Bit Server VM (25.212-b04 mixed mode windows-amd64 compressed oops)
Heap:
 PSYoungGen      total 104448K, used 65793K [0x00000000e0000000, 0x00000000e8600000, 0x0000000100000000)
  eden space 95744K, 59% used [0x00000000e0000000,0x00000000e37c8340,0x00000000e5d80000)
  from space 8704K, 99% used [0x00000000e5d80000,0x00000000e65f8378,0x00000000e6600000)
  to   space 11264K, 0% used [0x00000000e7b00000,0x00000000e7b00000,0x00000000e8600000)
 ParOldGen       total 34816K, used 19969K [0x00000000a0000000, 0x00000000a2200000, 0x00000000e0000000)
  object space 34816K, 57% used [0x00000000a0000000,0x00000000a1380440,0x00000000a2200000)
 Metaspace       used 49176K, capacity 50680K, committed 50816K, reserved 1093632K
  class space    used 6584K, capacity 6951K, committed 7040K, reserved 1048576K
GC Heap History (10 events):
Event: 10.598 GC heap before
{Heap before GC invocations=11 (full 1):
 PSYoungGen      total 67584K, used 60928K [0x00000000e0000000, 0x00000000e6e80000, 0x0000000100000000)
  eden space 60928K, 100% used [0x00000000e0000000,0x00000000e3b80000,0x00000000e3b80000)
  from space 6656K, 0% used [0x00000000e3b80000,0x00000000e3b80000,0x00000000e4200000)
  to   space 7680K, 0% used [0x00000000e6700000,0x00000000e6700000,0x00000000e6e80000)
 ParOldGen       total 34816K, used 9913K [0x00000000a0000000, 0x00000000a2200000, 0x00000000e0000000)
  object space 34816K, 28% used [0x00000000a0000000,0x00000000a09ae570,0x00000000a2200000)
 Metaspace       used 28469K, capacity 29040K, committed 29184K, reserved 1075200K
  class space    used 3877K, capacity 4067K, committed 4096K, reserved 1048576K
Event: 10.612 GC heap after
Heap after GC invocations=11 (full 1):
 PSYoungGen      total 89600K, used 7672K [0x00000000e0000000, 0x00000000e6e80000, 0x0000000100000000)
  eden space 81920K, 0% used [0x00000000e0000000,0x00000000e0000000,0x00000000e5000000)
  from space 7680K, 99% used [0x00000000e6700000,0x00000000e6e7e310,0x00000000e6e80000)
  to   space 8704K, 0% used [0x00000000e5d80000,0x00000000e5d80000,0x00000000e6600000)
 ParOldGen       total 34816K, used 10228K [0x00000000a0000000, 0x00000000a2200000, 0x00000000e0000000)
  object space 34816K, 29% used [0x00000000a0000000,0x00000000a09fd188,0x00000000a2200000)
 Metaspace       used 28469K, capacity 29040K, committed 29184K, reserved 1075200K
  class space    used 3877K, capacity 4067K, committed 4096K, reserved 1048576K
}
Event: 12.720 GC heap before
{Heap before GC invocations=12 (full 1):
 PSYoungGen      total 89600K, used 89592K [0x00000000e0000000, 0x00000000e6e80000, 0x0000000100000000)
  eden space 81920K, 100% used [0x00000000e0000000,0x00000000e5000000,0x00000000e5000000)
  from space 7680K, 99% used [0x00000000e6700000,0x00000000e6e7e310,0x00000000e6e80000)
  to   space 8704K, 0% used [0x00000000e5d80000,0x00000000e5d80000,0x00000000e6600000)
 ParOldGen       total 34816K, used 10228K [0x00000000a0000000, 0x00000000a2200000, 0x00000000e0000000)
  object space 34816K, 29% used [0x00000000a0000000,0x00000000a09fd188,0x00000000a2200000)
 Metaspace       used 32833K, capacity 33456K, committed 33664K, reserved 1079296K
  class space    used 4497K, capacity 4707K, committed 4736K, reserved 1048576K
Event: 12.752 GC heap after
Heap after GC invocations=12 (full 1):
 PSYoungGen      total 104448K, used 6137K [0x00000000e0000000, 0x00000000e7d80000, 0x0000000100000000)
  eden space 95744K, 0% used [0x00000000e0000000,0x00000000e0000000,0x00000000e5d80000)
  from space 8704K, 70% used [0x00000000e5d80000,0x00000000e637e690,0x00000000e6600000)
  to   space 8704K, 0% used [0x00000000e7500000,0x00000000e7500000,0x00000000e7d80000)
 ParOldGen       total 34816K, used 13624K [0x00000000a0000000, 0x00000000a2200000, 0x00000000e0000000)
  object space 34816K, 39% used [0x00000000a0000000,0x00000000a0d4e1b8,0x00000000a2200000)
 Metaspace       used 32833K, capacity 33456K, committed 33664K, reserved 1079296K
  class space    used 4497K, capacity 4707K, committed 4736K, reserved 1048576K
}
Event: 14.442 GC heap before
{Heap before GC invocations=13 (full 1):
 PSYoungGen      total 104448K, used 45711K [0x00000000e0000000, 0x00000000e7d80000, 0x0000000100000000)
  eden space 95744K, 41% used [0x00000000e0000000,0x00000000e26a5928,0x00000000e5d80000)
  from space 8704K, 70% used [0x00000000e5d80000,0x00000000e637e690,0x00000000e6600000)
  to   space 8704K, 0% used [0x00000000e7500000,0x00000000e7500000,0x00000000e7d80000)
 ParOldGen       total 34816K, used 13624K [0x00000000a0000000, 0x00000000a2200000, 0x00000000e0000000)
  object space 34816K, 39% used [0x00000000a0000000,0x00000000a0d4e1b8,0x00000000a2200000)
 Metaspace       used 34523K, capacity 35374K, committed 35456K, reserved 1079296K
  class space    used 4728K, capacity 4964K, committed 4992K, reserved 1048576K
Event: 14.464 GC heap after
Heap after GC invocations=13 (full 1):
 PSYoungGen      total 104448K, used 3698K [0x00000000e0000000, 0x00000000e7d80000, 0x0000000100000000)
  eden space 95744K, 0% used [0x00000000e0000000,0x00000000e0000000,0x00000000e5d80000)
  from space 8704K, 42% used [0x00000000e7500000,0x00000000e789ca68,0x00000000e7d80000)
  to   space 8704K, 0% used [0x00000000e5d80000,0x00000000e5d80000,0x00000000e6600000)
 ParOldGen       total 34816K, used 15801K [0x00000000a0000000, 0x00000000a2200000, 0x00000000e0000000)
  object space 34816K, 45% used [0x00000000a0000000,0x00000000a0f6e4c0,0x00000000a2200000)
 Metaspace       used 34523K, capacity 35374K, committed 35456K, reserved 1079296K
  class space    used 4728K, capacity 4964K, committed 4992K, reserved 1048576K
}
Event: 14.465 GC heap before
{Heap before GC invocations=14 (full 2):
 PSYoungGen      total 104448K, used 3698K [0x00000000e0000000, 0x00000000e7d80000, 0x0000000100000000)
  eden space 95744K, 0% used [0x00000000e0000000,0x00000000e0000000,0x00000000e5d80000)
  from space 8704K, 42% used [0x00000000e7500000,0x00000000e789ca68,0x00000000e7d80000)
  to   space 8704K, 0% used [0x00000000e5d80000,0x00000000e5d80000,0x00000000e6600000)
 ParOldGen       total 34816K, used 15801K [0x00000000a0000000, 0x00000000a2200000, 0x00000000e0000000)
  object space 34816K, 45% used [0x00000000a0000000,0x00000000a0f6e4c0,0x00000000a2200000)
 Metaspace       used 34523K, capacity 35374K, committed 35456K, reserved 1079296K
  class space    used 4728K, capacity 4964K, committed 4992K, reserved 1048576K
Event: 14.697 GC heap after
Heap after GC invocations=14 (full 2):
 PSYoungGen      total 104448K, used 0K [0x00000000e0000000, 0x00000000e7d80000, 0x0000000100000000)
  eden space 95744K, 0% used [0x00000000e0000000,0x00000000e0000000,0x00000000e5d80000)
  from space 8704K, 0% used [0x00000000e7500000,0x00000000e7500000,0x00000000e7d80000)
  to   space 8704K, 0% used [0x00000000e5d80000,0x00000000e5d80000,0x00000000e6600000)
 ParOldGen       total 34816K, used 16043K [0x00000000a0000000, 0x00000000a2200000, 0x00000000e0000000)
  object space 34816K, 46% used [0x00000000a0000000,0x00000000a0faaf98,0x00000000a2200000)
 Metaspace       used 34511K, capacity 35332K, committed 35456K, reserved 1079296K
  class space    used 4724K, capacity 4957K, committed 4992K, reserved 1048576K
}
Event: 18.612 GC heap before
{Heap before GC invocations=15 (full 2):
 PSYoungGen      total 104448K, used 95744K [0x00000000e0000000, 0x00000000e7d80000, 0x0000000100000000)
  eden space 95744K, 100% used [0x00000000e0000000,0x00000000e5d80000,0x00000000e5d80000)
  from space 8704K, 0% used [0x00000000e7500000,0x00000000e7500000,0x00000000e7d80000)
  to   space 8704K, 0% used [0x00000000e5d80000,0x00000000e5d80000,0x00000000e6600000)
 ParOldGen       total 34816K, used 16043K [0x00000000a0000000, 0x00000000a2200000, 0x00000000e0000000)
  object space 34816K, 46% used [0x00000000a0000000,0x00000000a0faaf98,0x00000000a2200000)
 Metaspace       used 44230K, capacity 45328K, committed 45440K, reserved 1089536K
  class space    used 5961K, capacity 6252K, committed 6272K, reserved 1048576K
Event: 18.634 GC heap after
Heap after GC invocations=15 (full 2):
 PSYoungGen      total 104448K, used 8672K [0x00000000e0000000, 0x00000000e8600000, 0x0000000100000000)
  eden space 95744K, 0% used [0x00000000e0000000,0x00000000e0000000,0x00000000e5d80000)
  from space 8704K, 99% used [0x00000000e5d80000,0x00000000e65f8378,0x00000000e6600000)
  to   space 11264K, 0% used [0x00000000e7b00000,0x00000000e7b00000,0x00000000e8600000)
 ParOldGen       total 34816K, used 19969K [0x00000000a0000000, 0x00000000a2200000, 0x00000000e0000000)
  object space 34816K, 57% used [0x00000000a0000000,0x00000000a1380440,0x00000000a2200000)
 Metaspace       used 44230K, capacity 45328K, committed 45440K, reserved 1089536K
  class space    used 5961K, capacity 6252K, committed 6272K, reserved 1048576K
}

